<?xml version="1.0" encoding="UTF-8"?>
<testsuites name="jest tests" tests="944" failures="15" errors="0" time="15.473">
  <testsuite name="webex-core" errors="0" failures="6" skipped="0" timestamp="2024-04-16T15:14:36" time="1.524" tests="6">
    <testcase classname="webex-core Interceptors WebexUserAgentInterceptor #onRequest adds a basic spark-user-agent header" name="webex-core Interceptors WebexUserAgentInterceptor #onRequest adds a basic spark-user-agent header" time="0.006">
      <failure>assert.strictEqual(received, expected)

Expected value to strictly be equal to:
  &quot;webex-js-sdk/development (node)&quot;
Received:
  &quot;webex-js-sdk/3.0.0-beta.401 (node)&quot;

Message:
  expected &apos;webex-js-sdk/3.0.0-beta.401 (node)&apos; to equal &apos;webex-js-sdk/development (node)&apos;

Difference:

- Expected
+ Received

- webex-js-sdk/development (node)
+ webex-js-sdk/3.0.0-beta.401 (node)
    at Object.equal (/Users/arungane/SDK v3/WebSDKv3/packages/@webex/webex-core/test/unit/spec/interceptors/webex-user-agent.js:28:18)
    at Promise.then.completed (/Users/arungane/SDK v3/WebSDKv3/node_modules/jest-circus/build/utils.js:298:28)
    at new Promise (&lt;anonymous&gt;)
    at callAsyncCircusFn (/Users/arungane/SDK v3/WebSDKv3/node_modules/jest-circus/build/utils.js:231:10)
    at _callCircusTest (/Users/arungane/SDK v3/WebSDKv3/node_modules/jest-circus/build/run.js:316:40)
    at processTicksAndRejections (node:internal/process/task_queues:96:5)
    at _runTest (/Users/arungane/SDK v3/WebSDKv3/node_modules/jest-circus/build/run.js:252:3)
    at _runTestsForDescribeBlock (/Users/arungane/SDK v3/WebSDKv3/node_modules/jest-circus/build/run.js:126:9)
    at _runTestsForDescribeBlock (/Users/arungane/SDK v3/WebSDKv3/node_modules/jest-circus/build/run.js:121:9)
    at _runTestsForDescribeBlock (/Users/arungane/SDK v3/WebSDKv3/node_modules/jest-circus/build/run.js:121:9)
    at _runTestsForDescribeBlock (/Users/arungane/SDK v3/WebSDKv3/node_modules/jest-circus/build/run.js:121:9)
    at _runTestsForDescribeBlock (/Users/arungane/SDK v3/WebSDKv3/node_modules/jest-circus/build/run.js:121:9)
    at run (/Users/arungane/SDK v3/WebSDKv3/node_modules/jest-circus/build/run.js:71:3)
    at runAndTransformResultsToJestFormat (/Users/arungane/SDK v3/WebSDKv3/node_modules/jest-circus/build/legacy-code-todo-rewrite/jestAdapterInit.js:122:21)
    at jestAdapter (/Users/arungane/SDK v3/WebSDKv3/node_modules/jest-circus/build/legacy-code-todo-rewrite/jestAdapter.js:79:19)
    at runTestInternal (/Users/arungane/SDK v3/WebSDKv3/node_modules/jest-runner/build/runTest.js:367:16)
    at runTest (/Users/arungane/SDK v3/WebSDKv3/node_modules/jest-runner/build/runTest.js:444:34)
    at Object.worker (/Users/arungane/SDK v3/WebSDKv3/node_modules/jest-runner/build/testWorker.js:106:12)</failure>
    </testcase>
    <testcase classname="webex-core Interceptors WebexUserAgentInterceptor #onRequest adds a complex spark-user-agent header" name="webex-core Interceptors WebexUserAgentInterceptor #onRequest adds a complex spark-user-agent header" time="0">
      <failure>assert.strictEqual(received, expected)

Expected value to strictly be equal to:
  &quot;webex-js-sdk/development (node)&quot;
Received:
  &quot;webex-js-sdk/3.0.0-beta.401 (node)&quot;

Message:
  expected &apos;webex-js-sdk/3.0.0-beta.401 (node)&apos; to equal &apos;webex-js-sdk/development (node)&apos;

Difference:

- Expected
+ Received

- webex-js-sdk/development (node)
+ webex-js-sdk/3.0.0-beta.401 (node)
    at Object.equal (/Users/arungane/SDK v3/WebSDKv3/packages/@webex/webex-core/test/unit/spec/interceptors/webex-user-agent.js:48:18)
    at Promise.then.completed (/Users/arungane/SDK v3/WebSDKv3/node_modules/jest-circus/build/utils.js:298:28)
    at new Promise (&lt;anonymous&gt;)
    at callAsyncCircusFn (/Users/arungane/SDK v3/WebSDKv3/node_modules/jest-circus/build/utils.js:231:10)
    at _callCircusTest (/Users/arungane/SDK v3/WebSDKv3/node_modules/jest-circus/build/run.js:316:40)
    at processTicksAndRejections (node:internal/process/task_queues:96:5)
    at _runTest (/Users/arungane/SDK v3/WebSDKv3/node_modules/jest-circus/build/run.js:252:3)
    at _runTestsForDescribeBlock (/Users/arungane/SDK v3/WebSDKv3/node_modules/jest-circus/build/run.js:126:9)
    at _runTestsForDescribeBlock (/Users/arungane/SDK v3/WebSDKv3/node_modules/jest-circus/build/run.js:121:9)
    at _runTestsForDescribeBlock (/Users/arungane/SDK v3/WebSDKv3/node_modules/jest-circus/build/run.js:121:9)
    at _runTestsForDescribeBlock (/Users/arungane/SDK v3/WebSDKv3/node_modules/jest-circus/build/run.js:121:9)
    at _runTestsForDescribeBlock (/Users/arungane/SDK v3/WebSDKv3/node_modules/jest-circus/build/run.js:121:9)
    at run (/Users/arungane/SDK v3/WebSDKv3/node_modules/jest-circus/build/run.js:71:3)
    at runAndTransformResultsToJestFormat (/Users/arungane/SDK v3/WebSDKv3/node_modules/jest-circus/build/legacy-code-todo-rewrite/jestAdapterInit.js:122:21)
    at jestAdapter (/Users/arungane/SDK v3/WebSDKv3/node_modules/jest-circus/build/legacy-code-todo-rewrite/jestAdapter.js:79:19)
    at runTestInternal (/Users/arungane/SDK v3/WebSDKv3/node_modules/jest-runner/build/runTest.js:367:16)
    at runTest (/Users/arungane/SDK v3/WebSDKv3/node_modules/jest-runner/build/runTest.js:444:34)
    at Object.worker (/Users/arungane/SDK v3/WebSDKv3/node_modules/jest-runner/build/testWorker.js:106:12)</failure>
    </testcase>
    <testcase classname="webex-core Interceptors WebexUserAgentInterceptor #onRequest adds a spark-user-agent header using appName/appVersion from config" name="webex-core Interceptors WebexUserAgentInterceptor #onRequest adds a spark-user-agent header using appName/appVersion from config" time="0.001">
      <failure>assert.strictEqual(received, expected)

Expected value to strictly be equal to:
  &quot;webex-js-sdk/development (node) sample/1.0.0&quot;
Received:
  &quot;webex-js-sdk/3.0.0-beta.401 (node) sample/1.0.0&quot;

Message:
  expected &apos;webex-js-sdk/3.0.0-beta.401 (node) sample/1.0.0&apos; to equal &apos;webex-js-sdk/development (node) sample/1.0.0&apos;

Difference:

- Expected
+ Received

- webex-js-sdk/development (node) sample/1.0.0
+ webex-js-sdk/3.0.0-beta.401 (node) sample/1.0.0
    at Object.equal (/Users/arungane/SDK v3/WebSDKv3/packages/@webex/webex-core/test/unit/spec/interceptors/webex-user-agent.js:75:18)
    at Promise.then.completed (/Users/arungane/SDK v3/WebSDKv3/node_modules/jest-circus/build/utils.js:298:28)
    at new Promise (&lt;anonymous&gt;)
    at callAsyncCircusFn (/Users/arungane/SDK v3/WebSDKv3/node_modules/jest-circus/build/utils.js:231:10)
    at _callCircusTest (/Users/arungane/SDK v3/WebSDKv3/node_modules/jest-circus/build/run.js:316:40)
    at processTicksAndRejections (node:internal/process/task_queues:96:5)
    at _runTest (/Users/arungane/SDK v3/WebSDKv3/node_modules/jest-circus/build/run.js:252:3)
    at _runTestsForDescribeBlock (/Users/arungane/SDK v3/WebSDKv3/node_modules/jest-circus/build/run.js:126:9)
    at _runTestsForDescribeBlock (/Users/arungane/SDK v3/WebSDKv3/node_modules/jest-circus/build/run.js:121:9)
    at _runTestsForDescribeBlock (/Users/arungane/SDK v3/WebSDKv3/node_modules/jest-circus/build/run.js:121:9)
    at _runTestsForDescribeBlock (/Users/arungane/SDK v3/WebSDKv3/node_modules/jest-circus/build/run.js:121:9)
    at _runTestsForDescribeBlock (/Users/arungane/SDK v3/WebSDKv3/node_modules/jest-circus/build/run.js:121:9)
    at run (/Users/arungane/SDK v3/WebSDKv3/node_modules/jest-circus/build/run.js:71:3)
    at runAndTransformResultsToJestFormat (/Users/arungane/SDK v3/WebSDKv3/node_modules/jest-circus/build/legacy-code-todo-rewrite/jestAdapterInit.js:122:21)
    at jestAdapter (/Users/arungane/SDK v3/WebSDKv3/node_modules/jest-circus/build/legacy-code-todo-rewrite/jestAdapter.js:79:19)
    at runTestInternal (/Users/arungane/SDK v3/WebSDKv3/node_modules/jest-runner/build/runTest.js:367:16)
    at runTest (/Users/arungane/SDK v3/WebSDKv3/node_modules/jest-runner/build/runTest.js:444:34)
    at Object.worker (/Users/arungane/SDK v3/WebSDKv3/node_modules/jest-runner/build/testWorker.js:106:12)</failure>
    </testcase>
    <testcase classname="webex-core Interceptors WebexUserAgentInterceptor #onRequest adds a spark-user-agent header using appName/appVersion + appPlatform from config" name="webex-core Interceptors WebexUserAgentInterceptor #onRequest adds a spark-user-agent header using appName/appVersion + appPlatform from config" time="0">
      <failure>assert.strictEqual(received, expected)

Expected value to strictly be equal to:
  &quot;webex-js-sdk/development (node) sample/1.0.0 custom-label/1.0.0&quot;
Received:
  &quot;webex-js-sdk/3.0.0-beta.401 (node) sample/1.0.0 custom-label/1.0.0&quot;

Message:
  expected &apos;webex-js-sdk/3.0.0-beta.401 (node) sample/1.0.0 custom-label/1.0.0&apos; to equal &apos;webex-js-sdk/development (node) sample/1.0.0 custom-label/1.0.0&apos;

Difference:

- Expected
+ Received

- webex-js-sdk/development (node) sample/1.0.0 custom-label/1.0.0
+ webex-js-sdk/3.0.0-beta.401 (node) sample/1.0.0 custom-label/1.0.0
    at Object.equal (/Users/arungane/SDK v3/WebSDKv3/packages/@webex/webex-core/test/unit/spec/interceptors/webex-user-agent.js:105:18)
    at Promise.then.completed (/Users/arungane/SDK v3/WebSDKv3/node_modules/jest-circus/build/utils.js:298:28)
    at new Promise (&lt;anonymous&gt;)
    at callAsyncCircusFn (/Users/arungane/SDK v3/WebSDKv3/node_modules/jest-circus/build/utils.js:231:10)
    at _callCircusTest (/Users/arungane/SDK v3/WebSDKv3/node_modules/jest-circus/build/run.js:316:40)
    at processTicksAndRejections (node:internal/process/task_queues:96:5)
    at _runTest (/Users/arungane/SDK v3/WebSDKv3/node_modules/jest-circus/build/run.js:252:3)
    at _runTestsForDescribeBlock (/Users/arungane/SDK v3/WebSDKv3/node_modules/jest-circus/build/run.js:126:9)
    at _runTestsForDescribeBlock (/Users/arungane/SDK v3/WebSDKv3/node_modules/jest-circus/build/run.js:121:9)
    at _runTestsForDescribeBlock (/Users/arungane/SDK v3/WebSDKv3/node_modules/jest-circus/build/run.js:121:9)
    at _runTestsForDescribeBlock (/Users/arungane/SDK v3/WebSDKv3/node_modules/jest-circus/build/run.js:121:9)
    at _runTestsForDescribeBlock (/Users/arungane/SDK v3/WebSDKv3/node_modules/jest-circus/build/run.js:121:9)
    at run (/Users/arungane/SDK v3/WebSDKv3/node_modules/jest-circus/build/run.js:71:3)
    at runAndTransformResultsToJestFormat (/Users/arungane/SDK v3/WebSDKv3/node_modules/jest-circus/build/legacy-code-todo-rewrite/jestAdapterInit.js:122:21)
    at jestAdapter (/Users/arungane/SDK v3/WebSDKv3/node_modules/jest-circus/build/legacy-code-todo-rewrite/jestAdapter.js:79:19)
    at runTestInternal (/Users/arungane/SDK v3/WebSDKv3/node_modules/jest-runner/build/runTest.js:367:16)
    at runTest (/Users/arungane/SDK v3/WebSDKv3/node_modules/jest-runner/build/runTest.js:444:34)
    at Object.worker (/Users/arungane/SDK v3/WebSDKv3/node_modules/jest-runner/build/testWorker.js:106:12)</failure>
    </testcase>
    <testcase classname="webex-core Interceptors WebexUserAgentInterceptor #onRequest when consumed by the webex package adds a basic spark-user-agent header using &quot;webex&quot; instead of &quot;webex-js-sdk&quot;" name="webex-core Interceptors WebexUserAgentInterceptor #onRequest when consumed by the webex package adds a basic spark-user-agent header using &quot;webex&quot; instead of &quot;webex-js-sdk&quot;" time="0">
      <failure>assert.strictEqual(received, expected)

Expected value to strictly be equal to:
  &quot;webex/development (node)&quot;
Received:
  &quot;webex/3.0.0-beta.401 (node)&quot;

Message:
  expected &apos;webex/3.0.0-beta.401 (node)&apos; to equal &apos;webex/development (node)&apos;

Difference:

- Expected
+ Received

- webex/development (node)
+ webex/3.0.0-beta.401 (node)
    at Object.equal (/Users/arungane/SDK v3/WebSDKv3/packages/@webex/webex-core/test/unit/spec/interceptors/webex-user-agent.js:129:20)
    at Promise.then.completed (/Users/arungane/SDK v3/WebSDKv3/node_modules/jest-circus/build/utils.js:298:28)
    at new Promise (&lt;anonymous&gt;)
    at callAsyncCircusFn (/Users/arungane/SDK v3/WebSDKv3/node_modules/jest-circus/build/utils.js:231:10)
    at _callCircusTest (/Users/arungane/SDK v3/WebSDKv3/node_modules/jest-circus/build/run.js:316:40)
    at processTicksAndRejections (node:internal/process/task_queues:96:5)
    at _runTest (/Users/arungane/SDK v3/WebSDKv3/node_modules/jest-circus/build/run.js:252:3)
    at _runTestsForDescribeBlock (/Users/arungane/SDK v3/WebSDKv3/node_modules/jest-circus/build/run.js:126:9)
    at _runTestsForDescribeBlock (/Users/arungane/SDK v3/WebSDKv3/node_modules/jest-circus/build/run.js:121:9)
    at _runTestsForDescribeBlock (/Users/arungane/SDK v3/WebSDKv3/node_modules/jest-circus/build/run.js:121:9)
    at _runTestsForDescribeBlock (/Users/arungane/SDK v3/WebSDKv3/node_modules/jest-circus/build/run.js:121:9)
    at _runTestsForDescribeBlock (/Users/arungane/SDK v3/WebSDKv3/node_modules/jest-circus/build/run.js:121:9)
    at _runTestsForDescribeBlock (/Users/arungane/SDK v3/WebSDKv3/node_modules/jest-circus/build/run.js:121:9)
    at run (/Users/arungane/SDK v3/WebSDKv3/node_modules/jest-circus/build/run.js:71:3)
    at runAndTransformResultsToJestFormat (/Users/arungane/SDK v3/WebSDKv3/node_modules/jest-circus/build/legacy-code-todo-rewrite/jestAdapterInit.js:122:21)
    at jestAdapter (/Users/arungane/SDK v3/WebSDKv3/node_modules/jest-circus/build/legacy-code-todo-rewrite/jestAdapter.js:79:19)
    at runTestInternal (/Users/arungane/SDK v3/WebSDKv3/node_modules/jest-runner/build/runTest.js:367:16)
    at runTest (/Users/arungane/SDK v3/WebSDKv3/node_modules/jest-runner/build/runTest.js:444:34)
    at Object.worker (/Users/arungane/SDK v3/WebSDKv3/node_modules/jest-runner/build/testWorker.js:106:12)</failure>
    </testcase>
    <testcase classname="webex-core Interceptors WebexUserAgentInterceptor #onRequest when consumed by the webex package adds a complex spark-user-agent header using &quot;webex&quot; instead of &quot;webex-js-sdk&quot;" name="webex-core Interceptors WebexUserAgentInterceptor #onRequest when consumed by the webex package adds a complex spark-user-agent header using &quot;webex&quot; instead of &quot;webex-js-sdk&quot;" time="0">
      <failure>assert.strictEqual(received, expected)

Expected value to strictly be equal to:
  &quot;webex/development (node)&quot;
Received:
  &quot;webex/3.0.0-beta.401 (node)&quot;

Message:
  expected &apos;webex/3.0.0-beta.401 (node)&apos; to equal &apos;webex/development (node)&apos;

Difference:

- Expected
+ Received

- webex/development (node)
+ webex/3.0.0-beta.401 (node)
    at Object.equal (/Users/arungane/SDK v3/WebSDKv3/packages/@webex/webex-core/test/unit/spec/interceptors/webex-user-agent.js:150:20)
    at Promise.then.completed (/Users/arungane/SDK v3/WebSDKv3/node_modules/jest-circus/build/utils.js:298:28)
    at new Promise (&lt;anonymous&gt;)
    at callAsyncCircusFn (/Users/arungane/SDK v3/WebSDKv3/node_modules/jest-circus/build/utils.js:231:10)
    at _callCircusTest (/Users/arungane/SDK v3/WebSDKv3/node_modules/jest-circus/build/run.js:316:40)
    at processTicksAndRejections (node:internal/process/task_queues:96:5)
    at _runTest (/Users/arungane/SDK v3/WebSDKv3/node_modules/jest-circus/build/run.js:252:3)
    at _runTestsForDescribeBlock (/Users/arungane/SDK v3/WebSDKv3/node_modules/jest-circus/build/run.js:126:9)
    at _runTestsForDescribeBlock (/Users/arungane/SDK v3/WebSDKv3/node_modules/jest-circus/build/run.js:121:9)
    at _runTestsForDescribeBlock (/Users/arungane/SDK v3/WebSDKv3/node_modules/jest-circus/build/run.js:121:9)
    at _runTestsForDescribeBlock (/Users/arungane/SDK v3/WebSDKv3/node_modules/jest-circus/build/run.js:121:9)
    at _runTestsForDescribeBlock (/Users/arungane/SDK v3/WebSDKv3/node_modules/jest-circus/build/run.js:121:9)
    at _runTestsForDescribeBlock (/Users/arungane/SDK v3/WebSDKv3/node_modules/jest-circus/build/run.js:121:9)
    at run (/Users/arungane/SDK v3/WebSDKv3/node_modules/jest-circus/build/run.js:71:3)
    at runAndTransformResultsToJestFormat (/Users/arungane/SDK v3/WebSDKv3/node_modules/jest-circus/build/legacy-code-todo-rewrite/jestAdapterInit.js:122:21)
    at jestAdapter (/Users/arungane/SDK v3/WebSDKv3/node_modules/jest-circus/build/legacy-code-todo-rewrite/jestAdapter.js:79:19)
    at runTestInternal (/Users/arungane/SDK v3/WebSDKv3/node_modules/jest-runner/build/runTest.js:367:16)
    at runTest (/Users/arungane/SDK v3/WebSDKv3/node_modules/jest-runner/build/runTest.js:444:34)
    at Object.worker (/Users/arungane/SDK v3/WebSDKv3/node_modules/jest-runner/build/testWorker.js:106:12)</failure>
    </testcase>
  </testsuite>
  <testsuite name="webex-core" errors="0" failures="2" skipped="1" timestamp="2024-04-16T15:14:36" time="1.583" tests="26">
    <testcase classname="webex-core Services class members #registries should be a weakmap" name="webex-core Services class members #registries should be a weakmap" time="0.003">
    </testcase>
    <testcase classname="webex-core Services class members #states should be a weakmap" name="webex-core Services class members #states should be a weakmap" time="0">
    </testcase>
    <testcase classname="webex-core Services class methods #getRegistry should be a service registry" name="webex-core Services class methods #getRegistry should be a service registry" time="0">
    </testcase>
    <testcase classname="webex-core Services class methods #getState should be a service state" name="webex-core Services class methods #getState should be a service state" time="0">
    </testcase>
    <testcase classname="webex-core Services #namespace is accurate to plugin name" name="webex-core Services #namespace is accurate to plugin name" time="0">
    </testcase>
    <testcase classname="webex-core Services #_catalogs is a weakmap" name="webex-core Services #_catalogs is a weakmap" time="0.001">
    </testcase>
    <testcase classname="webex-core Services #validateDomains is a boolean" name="webex-core Services #validateDomains is a boolean" time="0">
    </testcase>
    <testcase classname="webex-core Services #list() must return an object" name="webex-core Services #list() must return an object" time="0">
    </testcase>
    <testcase classname="webex-core Services #list() returned list must be of shape {Record&lt;string, string&gt;}" name="webex-core Services #list() returned list must be of shape {Record&lt;string, string&gt;}" time="0.001">
    </testcase>
    <testcase classname="webex-core Services #fetchClientRegionInfo successfully resolves with undefined if fetch request failed" name="webex-core Services #fetchClientRegionInfo successfully resolves with undefined if fetch request failed" time="0.001">
    </testcase>
    <testcase classname="webex-core Services #getMeetingPreferences Fetch login users information " name="webex-core Services #getMeetingPreferences Fetch login users information " time="0.002">
    </testcase>
    <testcase classname="webex-core Services #getMeetingPreferences Resolve getMeetingPreferences if the api request fails " name="webex-core Services #getMeetingPreferences Resolve getMeetingPreferences if the api request fails " time="0">
    </testcase>
    <testcase classname="webex-core Services #_fetchNewServiceHostmap() checks service request resolves" name="webex-core Services #_fetchNewServiceHostmap() checks service request resolves" time="0.001">
      <failure>TypeError: Cannot read properties of undefined (reading &apos;measureLatency&apos;)
    at Function.spy (/Users/arungane/SDK v3/WebSDKv3/node_modules/sinon/lib/sinon/spy.js:156:61)
    at Sandbox.spy (/Users/arungane/SDK v3/WebSDKv3/node_modules/sinon/lib/sinon/sandbox.js:328:35)
    at Object.spy (/Users/arungane/SDK v3/WebSDKv3/packages/@webex/webex-core/test/unit/spec/services/services.js:138:15)
    at Promise.then.completed (/Users/arungane/SDK v3/WebSDKv3/node_modules/jest-circus/build/utils.js:298:28)
    at new Promise (&lt;anonymous&gt;)
    at callAsyncCircusFn (/Users/arungane/SDK v3/WebSDKv3/node_modules/jest-circus/build/utils.js:231:10)
    at _callCircusHook (/Users/arungane/SDK v3/WebSDKv3/node_modules/jest-circus/build/run.js:281:40)
    at processTicksAndRejections (node:internal/process/task_queues:96:5)
    at _runTest (/Users/arungane/SDK v3/WebSDKv3/node_modules/jest-circus/build/run.js:246:5)
    at _runTestsForDescribeBlock (/Users/arungane/SDK v3/WebSDKv3/node_modules/jest-circus/build/run.js:126:9)
    at _runTestsForDescribeBlock (/Users/arungane/SDK v3/WebSDKv3/node_modules/jest-circus/build/run.js:121:9)
    at _runTestsForDescribeBlock (/Users/arungane/SDK v3/WebSDKv3/node_modules/jest-circus/build/run.js:121:9)
    at _runTestsForDescribeBlock (/Users/arungane/SDK v3/WebSDKv3/node_modules/jest-circus/build/run.js:121:9)
    at run (/Users/arungane/SDK v3/WebSDKv3/node_modules/jest-circus/build/run.js:71:3)
    at runAndTransformResultsToJestFormat (/Users/arungane/SDK v3/WebSDKv3/node_modules/jest-circus/build/legacy-code-todo-rewrite/jestAdapterInit.js:122:21)
    at jestAdapter (/Users/arungane/SDK v3/WebSDKv3/node_modules/jest-circus/build/legacy-code-todo-rewrite/jestAdapter.js:79:19)
    at runTestInternal (/Users/arungane/SDK v3/WebSDKv3/node_modules/jest-runner/build/runTest.js:367:16)
    at runTest (/Users/arungane/SDK v3/WebSDKv3/node_modules/jest-runner/build/runTest.js:444:34)
    at Object.worker (/Users/arungane/SDK v3/WebSDKv3/node_modules/jest-runner/build/testWorker.js:106:12)</failure>
    </testcase>
    <testcase classname="webex-core Services #_fetchNewServiceHostmap() checks service request rejects" name="webex-core Services #_fetchNewServiceHostmap() checks service request rejects" time="0">
      <failure>TypeError: Cannot read properties of undefined (reading &apos;measureLatency&apos;)
    at Function.spy (/Users/arungane/SDK v3/WebSDKv3/node_modules/sinon/lib/sinon/spy.js:156:61)
    at Sandbox.spy (/Users/arungane/SDK v3/WebSDKv3/node_modules/sinon/lib/sinon/sandbox.js:328:35)
    at Object.spy (/Users/arungane/SDK v3/WebSDKv3/packages/@webex/webex-core/test/unit/spec/services/services.js:138:15)
    at Promise.then.completed (/Users/arungane/SDK v3/WebSDKv3/node_modules/jest-circus/build/utils.js:298:28)
    at new Promise (&lt;anonymous&gt;)
    at callAsyncCircusFn (/Users/arungane/SDK v3/WebSDKv3/node_modules/jest-circus/build/utils.js:231:10)
    at _callCircusHook (/Users/arungane/SDK v3/WebSDKv3/node_modules/jest-circus/build/run.js:281:40)
    at processTicksAndRejections (node:internal/process/task_queues:96:5)
    at _runTest (/Users/arungane/SDK v3/WebSDKv3/node_modules/jest-circus/build/run.js:246:5)
    at _runTestsForDescribeBlock (/Users/arungane/SDK v3/WebSDKv3/node_modules/jest-circus/build/run.js:126:9)
    at _runTestsForDescribeBlock (/Users/arungane/SDK v3/WebSDKv3/node_modules/jest-circus/build/run.js:121:9)
    at _runTestsForDescribeBlock (/Users/arungane/SDK v3/WebSDKv3/node_modules/jest-circus/build/run.js:121:9)
    at _runTestsForDescribeBlock (/Users/arungane/SDK v3/WebSDKv3/node_modules/jest-circus/build/run.js:121:9)
    at run (/Users/arungane/SDK v3/WebSDKv3/node_modules/jest-circus/build/run.js:71:3)
    at runAndTransformResultsToJestFormat (/Users/arungane/SDK v3/WebSDKv3/node_modules/jest-circus/build/legacy-code-todo-rewrite/jestAdapterInit.js:122:21)
    at jestAdapter (/Users/arungane/SDK v3/WebSDKv3/node_modules/jest-circus/build/legacy-code-todo-rewrite/jestAdapter.js:79:19)
    at runTestInternal (/Users/arungane/SDK v3/WebSDKv3/node_modules/jest-runner/build/runTest.js:367:16)
    at runTest (/Users/arungane/SDK v3/WebSDKv3/node_modules/jest-runner/build/runTest.js:444:34)
    at Object.worker (/Users/arungane/SDK v3/WebSDKv3/node_modules/jest-runner/build/testWorker.js:106:12)</failure>
    </testcase>
    <testcase classname="webex-core Services #_formatReceivedHostmap() creates a formmatted host map that contains the same amount of entries as the original received hostmap" name="webex-core Services #_formatReceivedHostmap() creates a formmatted host map that contains the same amount of entries as the original received hostmap" time="0.002">
    </testcase>
    <testcase classname="webex-core Services #_formatReceivedHostmap() creates an array of equal or less length of hostMap" name="webex-core Services #_formatReceivedHostmap() creates an array of equal or less length of hostMap" time="0">
      <skipped/>
    </testcase>
    <testcase classname="webex-core Services #_formatReceivedHostmap() creates an array with matching url data" name="webex-core Services #_formatReceivedHostmap() creates an array with matching url data" time="0">
    </testcase>
    <testcase classname="webex-core Services #_formatReceivedHostmap() has all keys in host map hosts" name="webex-core Services #_formatReceivedHostmap() has all keys in host map hosts" time="0.003">
    </testcase>
    <testcase classname="webex-core Services #_formatReceivedHostmap() creates a formmated host map containing all received host map service entries" name="webex-core Services #_formatReceivedHostmap() creates a formmated host map containing all received host map service entries" time="0.001">
    </testcase>
    <testcase classname="webex-core Services #_formatReceivedHostmap() creates a formmated host map containing all received host map host entries" name="webex-core Services #_formatReceivedHostmap() creates a formmated host map containing all received host map host entries" time="0">
    </testcase>
    <testcase classname="webex-core Services #_formatReceivedHostmap() creates an array with matching names" name="webex-core Services #_formatReceivedHostmap() creates an array with matching names" time="0.001">
    </testcase>
    <testcase classname="webex-core Services #_formatReceivedHostmap() has hostCatalog updated" name="webex-core Services #_formatReceivedHostmap() has hostCatalog updated" time="0">
    </testcase>
    <testcase classname="webex-core Services #updateCredentialsConfig() sets the idbroker url properly when trailing slash is not present" name="webex-core Services #updateCredentialsConfig() sets the idbroker url properly when trailing slash is not present" time="0">
    </testcase>
    <testcase classname="webex-core Services #updateCredentialsConfig() sets the identity url properly when a trailing slash is present" name="webex-core Services #updateCredentialsConfig() sets the identity url properly when a trailing slash is present" time="0.001">
    </testcase>
    <testcase classname="webex-core Services #updateCredentialsConfig() sets the authorize url properly when authorization string is not provided" name="webex-core Services #updateCredentialsConfig() sets the authorize url properly when authorization string is not provided" time="0">
    </testcase>
    <testcase classname="webex-core Services #updateCredentialsConfig() should retain the authorize url property when authorization string is provided" name="webex-core Services #updateCredentialsConfig() should retain the authorize url property when authorization string is provided" time="0">
    </testcase>
  </testsuite>
  <testsuite name="plugin-metrics" errors="0" failures="3" skipped="2" timestamp="2024-04-16T15:14:36" time="1.625" tests="12">
    <testcase classname="plugin-metrics CallDiagnosticEventsBatcher #request() when the request completes successfully clears the queue" name="plugin-metrics CallDiagnosticEventsBatcher #request() when the request completes successfully clears the queue" time="0.01">
    </testcase>
    <testcase classname="plugin-metrics CallDiagnosticEventsBatcher #request() when the request completes successfully doesnt include any joinTimes for other events" name="plugin-metrics CallDiagnosticEventsBatcher #request() when the request completes successfully doesnt include any joinTimes for other events" time="0.006">
    </testcase>
    <testcase classname="plugin-metrics CallDiagnosticEventsBatcher #request() when the request completes successfully appends the correct join times to the request for client.interstitial-window.launched" name="plugin-metrics CallDiagnosticEventsBatcher #request() when the request completes successfully appends the correct join times to the request for client.interstitial-window.launched" time="0.004">
      <failure>assert.deepStrictEqual(received, expected)

Expected value to deeply and strictly equal to:
  {&quot;joinTimes&quot;: {&quot;clickToInterstitial&quot;: 10, &quot;meetingInfoReqResp&quot;: 10, &quot;refreshCaptchaServiceReqResp&quot;: 10}, &quot;name&quot;: &quot;client.interstitial-window.launched&quot;}
Received:
  {&quot;joinTimes&quot;: {&quot;clickToInterstitial&quot;: 10, &quot;meetingInfoReqResp&quot;: 10}, &quot;name&quot;: &quot;client.interstitial-window.launched&quot;}

Message:
  expected { name: &apos;client.interstitial-window.launched&apos;, joinTimes: { meetingInfoReqResp: 10, clickToInterstitial: 10 } } to deeply equal { name: &apos;client.interstitial-window.launched&apos;, joinTimes: { clickToInterstitial: 10, meetingInfoReqResp: 10, refreshCaptchaServiceReqResp: 10 } }

Difference:

- Expected
+ Received

  Object {
    &quot;joinTimes&quot;: Object {
      &quot;clickToInterstitial&quot;: 10,
      &quot;meetingInfoReqResp&quot;: 10,
-     &quot;refreshCaptchaServiceReqResp&quot;: 10,
    },
    &quot;name&quot;: &quot;client.interstitial-window.launched&quot;,
  }
    at deepEqual (/Users/arungane/SDK v3/WebSDKv3/packages/@webex/internal-plugin-metrics/test/unit/spec/call-diagnostic/call-diagnostic-metrics-batcher.ts:120:18)
    at tryCatch (/Users/arungane/SDK v3/WebSDKv3/node_modules/@babel/runtime-corejs2/helpers/regeneratorRuntime.js:51:16)
    at Generator.&lt;anonymous&gt; (/Users/arungane/SDK v3/WebSDKv3/node_modules/@babel/runtime-corejs2/helpers/regeneratorRuntime.js:139:17)
    at Generator.next (/Users/arungane/SDK v3/WebSDKv3/node_modules/@babel/runtime-corejs2/helpers/regeneratorRuntime.js:80:21)
    at asyncGeneratorStep (/Users/arungane/SDK v3/WebSDKv3/node_modules/@babel/runtime-corejs2/helpers/asyncToGenerator.js:4:24)
    at _next (/Users/arungane/SDK v3/WebSDKv3/node_modules/@babel/runtime-corejs2/helpers/asyncToGenerator.js:23:9)</failure>
    </testcase>
    <testcase classname="plugin-metrics CallDiagnosticEventsBatcher #request() when the request completes successfully appends the correct join times to the request for client.call.initiated" name="plugin-metrics CallDiagnosticEventsBatcher #request() when the request completes successfully appends the correct join times to the request for client.call.initiated" time="0.004">
      <failure>assert.deepStrictEqual(received, expected)

Expected value to deeply and strictly equal to:
  {&quot;joinTimes&quot;: {&quot;getU2CTime&quot;: 20, &quot;meetingInfoReqResp&quot;: 10, &quot;registerWDMDeviceJMT&quot;: 10, &quot;showInterstitialTime&quot;: 10}, &quot;name&quot;: &quot;client.call.initiated&quot;}
Received:
  {&quot;joinTimes&quot;: {&quot;meetingInfoReqResp&quot;: 10, &quot;registerWDMDeviceJMT&quot;: 10, &quot;showInterstitialTime&quot;: 10}, &quot;name&quot;: &quot;client.call.initiated&quot;}

Message:
  expected { name: &apos;client.call.initiated&apos;, joinTimes: { meetingInfoReqResp: 10, showInterstitialTime: 10, registerWDMDeviceJMT: 10 } } to deeply equal { name: &apos;client.call.initiated&apos;, joinTimes: { meetingInfoReqResp: 10, registerWDMDeviceJMT: 10, showInterstitialTime: 10, getU2CTime: 20 } }

Difference:

- Expected
+ Received

@@ -1,8 +1,7 @@
  Object {
    &quot;joinTimes&quot;: Object {
-     &quot;getU2CTime&quot;: 20,
      &quot;meetingInfoReqResp&quot;: 10,
      &quot;registerWDMDeviceJMT&quot;: 10,
      &quot;showInterstitialTime&quot;: 10,
    },
    &quot;name&quot;: &quot;client.call.initiated&quot;,
    at deepEqual (/Users/arungane/SDK v3/WebSDKv3/packages/@webex/internal-plugin-metrics/test/unit/spec/call-diagnostic/call-diagnostic-metrics-batcher.ts:151:18)
    at tryCatch (/Users/arungane/SDK v3/WebSDKv3/node_modules/@babel/runtime-corejs2/helpers/regeneratorRuntime.js:51:16)
    at Generator.&lt;anonymous&gt; (/Users/arungane/SDK v3/WebSDKv3/node_modules/@babel/runtime-corejs2/helpers/regeneratorRuntime.js:139:17)
    at Generator.next (/Users/arungane/SDK v3/WebSDKv3/node_modules/@babel/runtime-corejs2/helpers/regeneratorRuntime.js:80:21)
    at asyncGeneratorStep (/Users/arungane/SDK v3/WebSDKv3/node_modules/@babel/runtime-corejs2/helpers/asyncToGenerator.js:4:24)
    at _next (/Users/arungane/SDK v3/WebSDKv3/node_modules/@babel/runtime-corejs2/helpers/asyncToGenerator.js:23:9)</failure>
    </testcase>
    <testcase classname="plugin-metrics CallDiagnosticEventsBatcher #request() when the request completes successfully appends the correct join times to the request for client.locus.join.response" name="plugin-metrics CallDiagnosticEventsBatcher #request() when the request completes successfully appends the correct join times to the request for client.locus.join.response" time="0.004">
      <failure>assert.deepStrictEqual(received, expected)

Expected value to deeply and strictly equal to:
  {&quot;joinTimes&quot;: {&quot;callInitJoinReq&quot;: 10, &quot;clickToInterstitial&quot;: 10, &quot;clientJmt&quot;: 5, &quot;downloadTime&quot;: 100, &quot;interstitialToJoinOK&quot;: 10, &quot;joinReqResp&quot;: 10, &quot;meetingInfoReqResp&quot;: 10, &quot;pageJmt&quot;: 30, &quot;totalJmt&quot;: 20}, &quot;name&quot;: &quot;client.locus.join.response&quot;}
Received:
  {&quot;joinTimes&quot;: {&quot;callInitJoinReq&quot;: 10, &quot;clickToInterstitial&quot;: 10, &quot;clientJmt&quot;: 5, &quot;downloadTime&quot;: 100, &quot;interstitialToJoinOK&quot;: 10, &quot;joinReqResp&quot;: 10, &quot;joinReqSentReceived&quot;: undefined, &quot;meetingInfoReqResp&quot;: 10, &quot;pageJmt&quot;: 30, &quot;totalJmt&quot;: 20}, &quot;name&quot;: &quot;client.locus.join.response&quot;}

Message:
  expected { name: &apos;client.locus.join.response&apos;, joinTimes: { meetingInfoReqResp: 10, callInitJoinReq: 10, joinReqResp: 10, joinReqSentReceived: undefined, pageJmt: 30, clickToInterstitial: 10, interstitialToJoinOK: 10, totalJmt: 20, clientJmt: 5, downloadTime: 100 } } to deeply equal { name: &apos;client.locus.join.response&apos;, joinTimes: { callInitJoinReq: 10, clickToInterstitial: 10, interstitialToJoinOK: 10, joinReqResp: 10, meetingInfoReqResp: 10, pageJmt: 30, totalJmt: 20, clientJmt: 5, downloadTime: 100 } }

Difference:

- Expected
+ Received

@@ -4,10 +4,11 @@
      &quot;clickToInterstitial&quot;: 10,
      &quot;clientJmt&quot;: 5,
      &quot;downloadTime&quot;: 100,
      &quot;interstitialToJoinOK&quot;: 10,
      &quot;joinReqResp&quot;: 10,
+     &quot;joinReqSentReceived&quot;: undefined,
      &quot;meetingInfoReqResp&quot;: 10,
      &quot;pageJmt&quot;: 30,
      &quot;totalJmt&quot;: 20,
    },
    &quot;name&quot;: &quot;client.locus.join.response&quot;,
    at deepEqual (/Users/arungane/SDK v3/WebSDKv3/packages/@webex/internal-plugin-metrics/test/unit/spec/call-diagnostic/call-diagnostic-metrics-batcher.ts:192:18)
    at tryCatch (/Users/arungane/SDK v3/WebSDKv3/node_modules/@babel/runtime-corejs2/helpers/regeneratorRuntime.js:51:16)
    at Generator.&lt;anonymous&gt; (/Users/arungane/SDK v3/WebSDKv3/node_modules/@babel/runtime-corejs2/helpers/regeneratorRuntime.js:139:17)
    at Generator.next (/Users/arungane/SDK v3/WebSDKv3/node_modules/@babel/runtime-corejs2/helpers/regeneratorRuntime.js:80:21)
    at asyncGeneratorStep (/Users/arungane/SDK v3/WebSDKv3/node_modules/@babel/runtime-corejs2/helpers/asyncToGenerator.js:4:24)
    at _next (/Users/arungane/SDK v3/WebSDKv3/node_modules/@babel/runtime-corejs2/helpers/asyncToGenerator.js:23:9)</failure>
    </testcase>
    <testcase classname="plugin-metrics CallDiagnosticEventsBatcher #request() when the request completes successfully appends the correct join times to the request for client.ice.end" name="plugin-metrics CallDiagnosticEventsBatcher #request() when the request completes successfully appends the correct join times to the request for client.ice.end" time="0.003">
    </testcase>
    <testcase classname="plugin-metrics CallDiagnosticEventsBatcher #request() when the request completes successfully appends the correct join times to the request for client.media.rx.start" name="plugin-metrics CallDiagnosticEventsBatcher #request() when the request completes successfully appends the correct join times to the request for client.media.rx.start" time="0.003">
    </testcase>
    <testcase classname="plugin-metrics CallDiagnosticEventsBatcher #request() when the request completes successfully appends the correct join times to the request for client.media-engine.ready" name="plugin-metrics CallDiagnosticEventsBatcher #request() when the request completes successfully appends the correct join times to the request for client.media-engine.ready" time="0.004">
    </testcase>
    <testcase classname="plugin-metrics CallDiagnosticEventsBatcher #request() when the request completes successfully appends the correct audio and video setup delays to the request for client.mediaquality.event" name="plugin-metrics CallDiagnosticEventsBatcher #request() when the request completes successfully appends the correct audio and video setup delays to the request for client.mediaquality.event" time="0.006">
    </testcase>
    <testcase classname="plugin-metrics CallDiagnosticEventsBatcher #request() when the request completes successfully doesnt include audioSetup and videoSetup delays for other events" name="plugin-metrics CallDiagnosticEventsBatcher #request() when the request completes successfully doesnt include audioSetup and videoSetup delays for other events" time="0.003">
    </testcase>
    <testcase classname="plugin-metrics CallDiagnosticEventsBatcher #request() when the request fails does not clear the queue" name="plugin-metrics CallDiagnosticEventsBatcher #request() when the request fails does not clear the queue" time="0">
      <skipped/>
    </testcase>
    <testcase classname="plugin-metrics CallDiagnosticEventsBatcher prepareItem calls prepareDiagnosticMetricItem correctly" name="plugin-metrics CallDiagnosticEventsBatcher prepareItem calls prepareDiagnosticMetricItem correctly" time="0">
      <skipped/>
    </testcase>
  </testsuite>
  <testsuite name="plugin-presence" errors="0" failures="0" skipped="7" timestamp="2024-04-16T15:14:37" time="0.411" tests="7">
    <testcase classname="plugin-presence Presence #get() requires a person id parameter" name="plugin-presence Presence #get() requires a person id parameter" time="0">
      <skipped/>
    </testcase>
    <testcase classname="plugin-presence Presence #list() requires a parameter" name="plugin-presence Presence #list() requires a parameter" time="0">
      <skipped/>
    </testcase>
    <testcase classname="plugin-presence Presence #list() requires a person array parameter" name="plugin-presence Presence #list() requires a person array parameter" time="0">
      <skipped/>
    </testcase>
    <testcase classname="plugin-presence Presence #subscribe() requires a person parameter" name="plugin-presence Presence #subscribe() requires a person parameter" time="0">
      <skipped/>
    </testcase>
    <testcase classname="plugin-presence Presence #subscribe() subscription request called twice with batch of 100 ids" name="plugin-presence Presence #subscribe() subscription request called twice with batch of 100 ids" time="0">
      <skipped/>
    </testcase>
    <testcase classname="plugin-presence Presence #unsubscribe() requires a person parameter" name="plugin-presence Presence #unsubscribe() requires a person parameter" time="0">
      <skipped/>
    </testcase>
    <testcase classname="plugin-presence Presence #setStatus() requires a status" name="plugin-presence Presence #setStatus() requires a status" time="0">
      <skipped/>
    </testcase>
  </testsuite>
  <testsuite name="presence-worker" errors="0" failures="0" skipped="19" timestamp="2024-04-16T15:14:37" time="0.514" tests="19">
    <testcase classname="presence-worker PresenceWorker #initialize() requires webex" name="presence-worker PresenceWorker #initialize() requires webex" time="0">
      <skipped/>
    </testcase>
    <testcase classname="presence-worker PresenceWorker #initialize() requires webex internal" name="presence-worker PresenceWorker #initialize() requires webex internal" time="0">
      <skipped/>
    </testcase>
    <testcase classname="presence-worker PresenceWorker #enqueue() increments watchers count" name="presence-worker PresenceWorker #enqueue() increments watchers count" time="0">
      <skipped/>
    </testcase>
    <testcase classname="presence-worker PresenceWorker #enqueue() only increments watcher if subscribed" name="presence-worker PresenceWorker #enqueue() only increments watcher if subscribed" time="0">
      <skipped/>
    </testcase>
    <testcase classname="presence-worker PresenceWorker #enqueue() set camper time to now" name="presence-worker PresenceWorker #enqueue() set camper time to now" time="0">
      <skipped/>
    </testcase>
    <testcase classname="presence-worker PresenceWorker #enqueue() add fetcher" name="presence-worker PresenceWorker #enqueue() add fetcher" time="0">
      <skipped/>
    </testcase>
    <testcase classname="presence-worker PresenceWorker #enqueue() stop fetch if there is already a flight" name="presence-worker PresenceWorker #enqueue() stop fetch if there is already a flight" time="0">
      <skipped/>
    </testcase>
    <testcase classname="presence-worker PresenceWorker #enqueue() add fetch if there is an old presence" name="presence-worker PresenceWorker #enqueue() add fetch if there is an old presence" time="0">
      <skipped/>
    </testcase>
    <testcase classname="presence-worker PresenceWorker #enqueue() stop fetch if there is a recent presence" name="presence-worker PresenceWorker #enqueue() stop fetch if there is a recent presence" time="0">
      <skipped/>
    </testcase>
    <testcase classname="presence-worker PresenceWorker #dequeue() does nothing if there are no watchers" name="presence-worker PresenceWorker #dequeue() does nothing if there are no watchers" time="0">
      <skipped/>
    </testcase>
    <testcase classname="presence-worker PresenceWorker #dequeue() delete values when reached zero" name="presence-worker PresenceWorker #dequeue() delete values when reached zero" time="0">
      <skipped/>
    </testcase>
    <testcase classname="presence-worker PresenceWorker #dequeue() decrement watchers by one" name="presence-worker PresenceWorker #dequeue() decrement watchers by one" time="0">
      <skipped/>
    </testcase>
    <testcase classname="presence-worker PresenceWorker #checkFetchers() moves fetchers to flights" name="presence-worker PresenceWorker #checkFetchers() moves fetchers to flights" time="0">
      <skipped/>
    </testcase>
    <testcase classname="presence-worker PresenceWorker #checkFetchers() calls presence.list" name="presence-worker PresenceWorker #checkFetchers() calls presence.list" time="0">
      <skipped/>
    </testcase>
    <testcase classname="presence-worker PresenceWorker #checkCampers() moves campers to subscribers" name="presence-worker PresenceWorker #checkCampers() moves campers to subscribers" time="0">
      <skipped/>
    </testcase>
    <testcase classname="presence-worker PresenceWorker #checkSubscriptions() resubscribe to expiring subscriptions" name="presence-worker PresenceWorker #checkSubscriptions() resubscribe to expiring subscriptions" time="0">
      <skipped/>
    </testcase>
    <testcase classname="presence-worker PresenceWorker #checkSubscriptions() delete expired subscriptions" name="presence-worker PresenceWorker #checkSubscriptions() delete expired subscriptions" time="0">
      <skipped/>
    </testcase>
    <testcase classname="presence-worker PresenceWorker #cleanPresences() deletes expired presences" name="presence-worker PresenceWorker #cleanPresences() deletes expired presences" time="0">
      <skipped/>
    </testcase>
    <testcase classname="presence-worker PresenceWorker #groundskeeper() renews subscriptions" name="presence-worker PresenceWorker #groundskeeper() renews subscriptions" time="0">
      <skipped/>
    </testcase>
  </testsuite>
  <testsuite name="plugin-conversation" errors="0" failures="2" skipped="0" timestamp="2024-04-16T15:14:36" time="2.127" tests="55">
    <testcase classname="plugin-conversation Conversation addReaction() should add recipients to the payload if provided" name="plugin-conversation Conversation addReaction() should add recipients to the payload if provided" time="0.008">
    </testcase>
    <testcase classname="plugin-conversation Conversation deleteReaction() should add recipients to the payload if provided" name="plugin-conversation Conversation deleteReaction() should add recipients to the payload if provided" time="0.004">
    </testcase>
    <testcase classname="plugin-conversation Conversation prepare() should ammend activity recipients to the returned object" name="plugin-conversation Conversation prepare() should ammend activity recipients to the returned object" time="0.003">
    </testcase>
    <testcase classname="plugin-conversation Conversation addReaction() should add recipients to the payload if provided" name="plugin-conversation Conversation addReaction() should add recipients to the payload if provided" time="0.003">
    </testcase>
    <testcase classname="plugin-conversation Conversation deleteReaction() should add recipients to the payload if provided" name="plugin-conversation Conversation deleteReaction() should add recipients to the payload if provided" time="0.002">
    </testcase>
    <testcase classname="plugin-conversation Conversation prepare() should ammend activity recipients to the returned object" name="plugin-conversation Conversation prepare() should ammend activity recipients to the returned object" time="0.002">
    </testcase>
    <testcase classname="plugin-conversation Conversation processInmeetingchatEvent() calls transform with correct arguments" name="plugin-conversation Conversation processInmeetingchatEvent() calls transform with correct arguments" time="0.002">
    </testcase>
    <testcase classname="plugin-conversation Conversation processInmeetingchatEvent() calls transform and returns event" name="plugin-conversation Conversation processInmeetingchatEvent() calls transform and returns event" time="0.003">
    </testcase>
    <testcase classname="plugin-conversation Conversation #_inferConversationUrl Returns given convo if no id" name="plugin-conversation Conversation #_inferConversationUrl Returns given convo if no id" time="0.002">
    </testcase>
    <testcase classname="plugin-conversation Conversation #_inferConversationUrl HA is disabled returns unmodified convo if URL is defined" name="plugin-conversation Conversation #_inferConversationUrl HA is disabled returns unmodified convo if URL is defined" time="0.002">
    </testcase>
    <testcase classname="plugin-conversation Conversation #_inferConversationUrl HA is disabled builds URL if not defined" name="plugin-conversation Conversation #_inferConversationUrl HA is disabled builds URL if not defined" time="0.002">
    </testcase>
    <testcase classname="plugin-conversation Conversation #_inferConversationUrl HA is enabled builds URL if already defined" name="plugin-conversation Conversation #_inferConversationUrl HA is enabled builds URL if already defined" time="0.006">
    </testcase>
    <testcase classname="plugin-conversation Conversation #_inferConversationUrl HA is enabled builds URL if not defined" name="plugin-conversation Conversation #_inferConversationUrl HA is enabled builds URL if not defined" time="0.002">
    </testcase>
    <testcase classname="plugin-conversation Conversation getConvoUrl should not return a promise" name="plugin-conversation Conversation getConvoUrl should not return a promise" time="0.002">
    </testcase>
    <testcase classname="plugin-conversation Conversation getConvoUrl should return the url if a url is provided" name="plugin-conversation Conversation getConvoUrl should return the url if a url is provided" time="0.002">
    </testcase>
    <testcase classname="plugin-conversation Conversation #getUrlFromClusterId should convert a &quot;us&quot; cluster to WEBEX_CONVERSATION_DEFAULT_CLUSTER cluster" name="plugin-conversation Conversation #getUrlFromClusterId should convert a &quot;us&quot; cluster to WEBEX_CONVERSATION_DEFAULT_CLUSTER cluster" time="0.002">
      <failure>TypeError: this.webex.internal.services.getServiceFromClusterId is not a function
    at child.getServiceFromClusterId [as getUrlFromClusterId] (/Users/arungane/SDK v3/WebSDKv3/packages/@webex/internal-plugin-conversation/dist/conversation.js:106:48)
    at getUrlFromClusterId (/Users/arungane/SDK v3/WebSDKv3/packages/@webex/internal-plugin-conversation/test/unit/spec/conversation.js:221:43)
    at tryCatch (/Users/arungane/SDK v3/WebSDKv3/node_modules/@babel/runtime-corejs2/helpers/regeneratorRuntime.js:51:16)
    at Generator.&lt;anonymous&gt; (/Users/arungane/SDK v3/WebSDKv3/node_modules/@babel/runtime-corejs2/helpers/regeneratorRuntime.js:139:17)
    at Generator.next (/Users/arungane/SDK v3/WebSDKv3/node_modules/@babel/runtime-corejs2/helpers/regeneratorRuntime.js:80:21)
    at asyncGeneratorStep (/Users/arungane/SDK v3/WebSDKv3/node_modules/@babel/runtime-corejs2/helpers/asyncToGenerator.js:4:24)
    at _next (/Users/arungane/SDK v3/WebSDKv3/node_modules/@babel/runtime-corejs2/helpers/asyncToGenerator.js:23:9)
    at /Users/arungane/SDK v3/WebSDKv3/node_modules/@babel/runtime-corejs2/helpers/asyncToGenerator.js:28:7
    at new Promise (&lt;anonymous&gt;)
    at new F (/Users/arungane/SDK v3/WebSDKv3/node_modules/@babel/runtime-corejs2/node_modules/core-js/library/modules/_export.js:36:28)
    at Object.&lt;anonymous&gt; (/Users/arungane/SDK v3/WebSDKv3/node_modules/@babel/runtime-corejs2/helpers/asyncToGenerator.js:20:12)
    at Promise.then.completed (/Users/arungane/SDK v3/WebSDKv3/node_modules/jest-circus/build/utils.js:298:28)
    at new Promise (&lt;anonymous&gt;)
    at callAsyncCircusFn (/Users/arungane/SDK v3/WebSDKv3/node_modules/jest-circus/build/utils.js:231:10)
    at _callCircusTest (/Users/arungane/SDK v3/WebSDKv3/node_modules/jest-circus/build/run.js:316:40)
    at processTicksAndRejections (node:internal/process/task_queues:96:5)
    at _runTest (/Users/arungane/SDK v3/WebSDKv3/node_modules/jest-circus/build/run.js:252:3)
    at _runTestsForDescribeBlock (/Users/arungane/SDK v3/WebSDKv3/node_modules/jest-circus/build/run.js:126:9)
    at _runTestsForDescribeBlock (/Users/arungane/SDK v3/WebSDKv3/node_modules/jest-circus/build/run.js:121:9)
    at _runTestsForDescribeBlock (/Users/arungane/SDK v3/WebSDKv3/node_modules/jest-circus/build/run.js:121:9)
    at _runTestsForDescribeBlock (/Users/arungane/SDK v3/WebSDKv3/node_modules/jest-circus/build/run.js:121:9)
    at run (/Users/arungane/SDK v3/WebSDKv3/node_modules/jest-circus/build/run.js:71:3)
    at runAndTransformResultsToJestFormat (/Users/arungane/SDK v3/WebSDKv3/node_modules/jest-circus/build/legacy-code-todo-rewrite/jestAdapterInit.js:122:21)
    at jestAdapter (/Users/arungane/SDK v3/WebSDKv3/node_modules/jest-circus/build/legacy-code-todo-rewrite/jestAdapter.js:79:19)
    at runTestInternal (/Users/arungane/SDK v3/WebSDKv3/node_modules/jest-runner/build/runTest.js:367:16)
    at runTest (/Users/arungane/SDK v3/WebSDKv3/node_modules/jest-runner/build/runTest.js:444:34)
    at Object.worker (/Users/arungane/SDK v3/WebSDKv3/node_modules/jest-runner/build/testWorker.js:106:12)</failure>
    </testcase>
    <testcase classname="plugin-conversation Conversation #getUrlFromClusterId should add the cluster service when missing" name="plugin-conversation Conversation #getUrlFromClusterId should add the cluster service when missing" time="0.002">
      <failure>TypeError: this.webex.internal.services.getServiceFromClusterId is not a function
    at child.getServiceFromClusterId [as getUrlFromClusterId] (/Users/arungane/SDK v3/WebSDKv3/packages/@webex/internal-plugin-conversation/dist/conversation.js:106:48)
    at getUrlFromClusterId (/Users/arungane/SDK v3/WebSDKv3/packages/@webex/internal-plugin-conversation/test/unit/spec/conversation.js:227:43)
    at tryCatch (/Users/arungane/SDK v3/WebSDKv3/node_modules/@babel/runtime-corejs2/helpers/regeneratorRuntime.js:51:16)
    at Generator.&lt;anonymous&gt; (/Users/arungane/SDK v3/WebSDKv3/node_modules/@babel/runtime-corejs2/helpers/regeneratorRuntime.js:139:17)
    at Generator.next (/Users/arungane/SDK v3/WebSDKv3/node_modules/@babel/runtime-corejs2/helpers/regeneratorRuntime.js:80:21)
    at asyncGeneratorStep (/Users/arungane/SDK v3/WebSDKv3/node_modules/@babel/runtime-corejs2/helpers/asyncToGenerator.js:4:24)
    at _next (/Users/arungane/SDK v3/WebSDKv3/node_modules/@babel/runtime-corejs2/helpers/asyncToGenerator.js:23:9)
    at /Users/arungane/SDK v3/WebSDKv3/node_modules/@babel/runtime-corejs2/helpers/asyncToGenerator.js:28:7
    at new Promise (&lt;anonymous&gt;)
    at new F (/Users/arungane/SDK v3/WebSDKv3/node_modules/@babel/runtime-corejs2/node_modules/core-js/library/modules/_export.js:36:28)
    at Object.&lt;anonymous&gt; (/Users/arungane/SDK v3/WebSDKv3/node_modules/@babel/runtime-corejs2/helpers/asyncToGenerator.js:20:12)
    at Promise.then.completed (/Users/arungane/SDK v3/WebSDKv3/node_modules/jest-circus/build/utils.js:298:28)
    at new Promise (&lt;anonymous&gt;)
    at callAsyncCircusFn (/Users/arungane/SDK v3/WebSDKv3/node_modules/jest-circus/build/utils.js:231:10)
    at _callCircusTest (/Users/arungane/SDK v3/WebSDKv3/node_modules/jest-circus/build/run.js:316:40)
    at processTicksAndRejections (node:internal/process/task_queues:96:5)
    at _runTest (/Users/arungane/SDK v3/WebSDKv3/node_modules/jest-circus/build/run.js:252:3)
    at _runTestsForDescribeBlock (/Users/arungane/SDK v3/WebSDKv3/node_modules/jest-circus/build/run.js:126:9)
    at _runTestsForDescribeBlock (/Users/arungane/SDK v3/WebSDKv3/node_modules/jest-circus/build/run.js:121:9)
    at _runTestsForDescribeBlock (/Users/arungane/SDK v3/WebSDKv3/node_modules/jest-circus/build/run.js:121:9)
    at _runTestsForDescribeBlock (/Users/arungane/SDK v3/WebSDKv3/node_modules/jest-circus/build/run.js:121:9)
    at run (/Users/arungane/SDK v3/WebSDKv3/node_modules/jest-circus/build/run.js:71:3)
    at runAndTransformResultsToJestFormat (/Users/arungane/SDK v3/WebSDKv3/node_modules/jest-circus/build/legacy-code-todo-rewrite/jestAdapterInit.js:122:21)
    at jestAdapter (/Users/arungane/SDK v3/WebSDKv3/node_modules/jest-circus/build/legacy-code-todo-rewrite/jestAdapter.js:79:19)
    at runTestInternal (/Users/arungane/SDK v3/WebSDKv3/node_modules/jest-runner/build/runTest.js:367:16)
    at runTest (/Users/arungane/SDK v3/WebSDKv3/node_modules/jest-runner/build/runTest.js:444:34)
    at Object.worker (/Users/arungane/SDK v3/WebSDKv3/node_modules/jest-runner/build/testWorker.js:106:12)</failure>
    </testcase>
    <testcase classname="plugin-conversation Conversation paginate should throw an error if a page is passed with no links" name="plugin-conversation Conversation paginate should throw an error if a page is passed with no links" time="0.002">
    </testcase>
    <testcase classname="plugin-conversation Conversation #getReactionSummaryByParentId() should call request" name="plugin-conversation Conversation #getReactionSummaryByParentId() should call request" time="0.004">
    </testcase>
    <testcase classname="plugin-conversation Conversation #getReactionSummaryByParentId() should not retrieve non reaction summary objects" name="plugin-conversation Conversation #getReactionSummaryByParentId() should not retrieve non reaction summary objects" time="0.002">
    </testcase>
    <testcase classname="plugin-conversation Conversation #listAllChildActivitiesByParentId() retrieves correct children count" name="plugin-conversation Conversation #listAllChildActivitiesByParentId() retrieves correct children count" time="0.004">
    </testcase>
    <testcase classname="plugin-conversation Conversation #listAllChildActivitiesByParentId() calls #listChildActivitiesByParentId() to initiate the request" name="plugin-conversation Conversation #listAllChildActivitiesByParentId() calls #listChildActivitiesByParentId() to initiate the request" time="0.003">
    </testcase>
    <testcase classname="plugin-conversation Conversation #listAllChildActivitiesByParentId() returns children in ascending published order" name="plugin-conversation Conversation #listAllChildActivitiesByParentId() returns children in ascending published order" time="0.002">
    </testcase>
    <testcase classname="plugin-conversation Conversation #listActivitiesThreadOrdered() should throw an error when called without a conversationUrl option" name="plugin-conversation Conversation #listActivitiesThreadOrdered() should throw an error when called without a conversationUrl option" time="0.002">
    </testcase>
    <testcase classname="plugin-conversation Conversation #listActivitiesThreadOrdered() calls #_listActivitiesThreadOrdered()" name="plugin-conversation Conversation #listActivitiesThreadOrdered() calls #_listActivitiesThreadOrdered()" time="0.002">
    </testcase>
    <testcase classname="plugin-conversation Conversation #listActivitiesThreadOrdered() returns expected wrapped functions" name="plugin-conversation Conversation #listActivitiesThreadOrdered() returns expected wrapped functions" time="0.004">
    </testcase>
    <testcase classname="plugin-conversation Conversation #listActivitiesThreadOrdered() returned functions getOlder() should implement the iterator protocol" name="plugin-conversation Conversation #listActivitiesThreadOrdered() returned functions getOlder() should implement the iterator protocol" time="0.003">
    </testcase>
    <testcase classname="plugin-conversation Conversation #listActivitiesThreadOrdered() returned functions getNewer() should implement the iterator protocol" name="plugin-conversation Conversation #listActivitiesThreadOrdered() returned functions getNewer() should implement the iterator protocol" time="0.002">
    </testcase>
    <testcase classname="plugin-conversation Conversation #listActivitiesThreadOrdered() returned functions jumpToActivity() should throw an error if search object is missing" name="plugin-conversation Conversation #listActivitiesThreadOrdered() returned functions jumpToActivity() should throw an error if search object is missing" time="0.007">
    </testcase>
    <testcase classname="plugin-conversation Conversation #listActivitiesThreadOrdered() returned functions jumpToActivity() should throw an error if activity.target.url is missing" name="plugin-conversation Conversation #listActivitiesThreadOrdered() returned functions jumpToActivity() should throw an error if activity.target.url is missing" time="0.002">
    </testcase>
    <testcase classname="plugin-conversation Conversation #listActivitiesThreadOrdered() returned functions jumpToActivity() should implement the iterator protocol" name="plugin-conversation Conversation #listActivitiesThreadOrdered() returned functions jumpToActivity() should implement the iterator protocol" time="0.002">
    </testcase>
    <testcase classname="plugin-conversation Conversation activity-thread-ordering helpers getActivityType should handle common activity types" name="plugin-conversation Conversation activity-thread-ordering helpers getActivityType should handle common activity types" time="0.001">
    </testcase>
    <testcase classname="plugin-conversation Conversation activity-thread-ordering helpers rootActivityManager should return expected exposed functions" name="plugin-conversation Conversation activity-thread-ordering helpers rootActivityManager should return expected exposed functions" time="0.001">
    </testcase>
    <testcase classname="plugin-conversation Conversation activity-thread-ordering helpers rootActivityManager should interface with internal storage object" name="plugin-conversation Conversation activity-thread-ordering helpers rootActivityManager should interface with internal storage object" time="0.001">
    </testcase>
    <testcase classname="plugin-conversation Conversation activity-thread-ordering helpers getLoopCounterFailsafe should throw after looping 100 times" name="plugin-conversation Conversation activity-thread-ordering helpers getLoopCounterFailsafe should throw after looping 100 times" time="0.001">
    </testcase>
    <testcase classname="plugin-conversation Conversation activity-thread-ordering helpers noMoreActivitiesManager should return expected exposed functions" name="plugin-conversation Conversation activity-thread-ordering helpers noMoreActivitiesManager should return expected exposed functions" time="0.002">
    </testcase>
    <testcase classname="plugin-conversation Conversation activity-thread-ordering helpers noMoreActivitiesManager should set no more activities when no newer activities exist" name="plugin-conversation Conversation activity-thread-ordering helpers noMoreActivitiesManager should set no more activities when no newer activities exist" time="0.002">
    </testcase>
    <testcase classname="plugin-conversation Conversation activity-thread-ordering helpers noMoreActivitiesManager should set no more activities when no older activities exist" name="plugin-conversation Conversation activity-thread-ordering helpers noMoreActivitiesManager should set no more activities when no older activities exist" time="0.002">
    </testcase>
    <testcase classname="plugin-conversation Conversation activity-thread-ordering helpers noMoreActivitiesManager should not set no more activities when newer activities exist" name="plugin-conversation Conversation activity-thread-ordering helpers noMoreActivitiesManager should not set no more activities when newer activities exist" time="0.002">
    </testcase>
    <testcase classname="plugin-conversation Conversation activity-thread-ordering helpers noMoreActivitiesManager should not set no more activities when older activities exist" name="plugin-conversation Conversation activity-thread-ordering helpers noMoreActivitiesManager should not set no more activities when older activities exist" time="0.002">
    </testcase>
    <testcase classname="plugin-conversation Conversation activity-thread-ordering helpers bookendManager should return expected exposed functions" name="plugin-conversation Conversation activity-thread-ordering helpers bookendManager should return expected exposed functions" time="0.002">
    </testcase>
    <testcase classname="plugin-conversation Conversation activity-thread-ordering helpers bookendManager should set the oldest and newest activity in a batch" name="plugin-conversation Conversation activity-thread-ordering helpers bookendManager should set the oldest and newest activity in a batch" time="0.002">
    </testcase>
    <testcase classname="plugin-conversation Conversation activity-thread-ordering helpers bookendManager should bookends when newer and older activities exists" name="plugin-conversation Conversation activity-thread-ordering helpers bookendManager should bookends when newer and older activities exists" time="0.003">
    </testcase>
    <testcase classname="plugin-conversation Conversation activity-thread-ordering helpers bookendManager should not update oldest activity when only newer activities exist" name="plugin-conversation Conversation activity-thread-ordering helpers bookendManager should not update oldest activity when only newer activities exist" time="0.003">
    </testcase>
    <testcase classname="plugin-conversation Conversation activity-thread-ordering helpers activityManager should return expected exposed functions" name="plugin-conversation Conversation activity-thread-ordering helpers activityManager should return expected exposed functions" time="0.002">
    </testcase>
    <testcase classname="plugin-conversation Conversation activity-thread-ordering helpers activityManager should handle new replies" name="plugin-conversation Conversation activity-thread-ordering helpers activityManager should handle new replies" time="0.002">
    </testcase>
    <testcase classname="plugin-conversation Conversation activity-thread-ordering helpers activityManager should handle edits" name="plugin-conversation Conversation activity-thread-ordering helpers activityManager should handle edits" time="0.003">
    </testcase>
    <testcase classname="plugin-conversation Conversation activity-thread-ordering helpers activityManager should handle reactions" name="plugin-conversation Conversation activity-thread-ordering helpers activityManager should handle reactions" time="0.003">
    </testcase>
    <testcase classname="plugin-conversation Conversation #_createParsedServerActivity() should add editParent field to valid edit activity" name="plugin-conversation Conversation #_createParsedServerActivity() should add editParent field to valid edit activity" time="0.003">
    </testcase>
    <testcase classname="plugin-conversation Conversation #_createParsedServerActivity() should add replyParent field to valid reply activity" name="plugin-conversation Conversation #_createParsedServerActivity() should add replyParent field to valid reply activity" time="0.005">
    </testcase>
    <testcase classname="plugin-conversation Conversation #_createParsedServerActivity() should add replyParent and editParent to valid edited reply activity" name="plugin-conversation Conversation #_createParsedServerActivity() should add replyParent and editParent to valid edited reply activity" time="0.002">
    </testcase>
    <testcase classname="plugin-conversation Conversation #_createParsedServerActivity() should throw when passed in activity has no parent in activity hash" name="plugin-conversation Conversation #_createParsedServerActivity() should throw when passed in activity has no parent in activity hash" time="0.002">
    </testcase>
    <testcase classname="plugin-conversation Conversation delete() should reject if provided param is not an object" name="plugin-conversation Conversation delete() should reject if provided param is not an object" time="0.002">
    </testcase>
    <testcase classname="plugin-conversation Conversation delete() deletes a non-meeting container activity" name="plugin-conversation Conversation delete() deletes a non-meeting container activity" time="0.002">
    </testcase>
    <testcase classname="plugin-conversation Conversation delete() deletes a meeting container activity" name="plugin-conversation Conversation delete() deletes a meeting container activity" time="0.002">
    </testcase>
  </testsuite>
  <testsuite name="webex-core" errors="0" failures="0" skipped="1" timestamp="2024-04-16T15:14:38" time="0.71" tests="60">
    <testcase classname="webex-core Credentials #calcRefreshTimeout generates a number between 60-90% of expiration" name="webex-core Credentials #calcRefreshTimeout generates a number between 60-90% of expiration" time="0.008">
    </testcase>
    <testcase classname="webex-core Credentials #isUnverifiedGuest should have #isUnverifiedGuest" name="webex-core Credentials #isUnverifiedGuest should have #isUnverifiedGuest" time="0.003">
    </testcase>
    <testcase classname="webex-core Credentials #isUnverifiedGuest should get the user status and return as a boolean" name="webex-core Credentials #isUnverifiedGuest should get the user status and return as a boolean" time="0.004">
    </testcase>
    <testcase classname="webex-core Credentials #isUnverifiedGuest should get guest user " name="webex-core Credentials #isUnverifiedGuest should get guest user " time="0.004">
    </testcase>
    <testcase classname="webex-core Credentials #isUnverifiedGuest should get login user " name="webex-core Credentials #isUnverifiedGuest should get login user " time="0.003">
    </testcase>
    <testcase classname="webex-core Credentials #canAuthorize indicates if the current state has enough information to populate an auth header, even if a token refresh or token downscope is required" name="webex-core Credentials #canAuthorize indicates if the current state has enough information to populate an auth header, even if a token refresh or token downscope is required" time="0.004">
    </testcase>
    <testcase classname="webex-core Credentials #canRefresh indicates if there is presently enough information to refresh" name="webex-core Credentials #canRefresh indicates if there is presently enough information to refresh" time="0.003">
    </testcase>
    <testcase classname="webex-core Credentials #buildLoginUrl() requires `state` to be an object" name="webex-core Credentials #buildLoginUrl() requires `state` to be an object" time="0.004">
    </testcase>
    <testcase classname="webex-core Credentials #buildLoginUrl() prefers the hydra auth url, but falls back to idbroker" name="webex-core Credentials #buildLoginUrl() prefers the hydra auth url, but falls back to idbroker" time="0.006">
    </testcase>
    <testcase classname="webex-core Credentials #buildLoginUrl() generates the login url" name="webex-core Credentials #buildLoginUrl() generates the login url" time="0.004">
    </testcase>
    <testcase classname="webex-core Credentials #buildLoginUrl() generates the login url with empty state param" name="webex-core Credentials #buildLoginUrl() generates the login url with empty state param" time="0.002">
    </testcase>
    <testcase classname="webex-core Credentials #buildLogoutUrl() generates the logout url" name="webex-core Credentials #buildLogoutUrl() generates the logout url" time="0.003">
    </testcase>
    <testcase classname="webex-core Credentials #buildLogoutUrl() includes a token param if passed" name="webex-core Credentials #buildLogoutUrl() includes a token param if passed" time="0.002">
    </testcase>
    <testcase classname="webex-core Credentials #buildLogoutUrl() always fallsback to idbroker" name="webex-core Credentials #buildLogoutUrl() always fallsback to idbroker" time="0.002">
    </testcase>
    <testcase classname="webex-core Credentials #buildLogoutUrl() allows overriding the goto url" name="webex-core Credentials #buildLogoutUrl() allows overriding the goto url" time="0.002">
    </testcase>
    <testcase classname="webex-core Credentials #getOrgId() should return the OrgId of JWT-authenticated user" name="webex-core Credentials #getOrgId() should return the OrgId of JWT-authenticated user" time="0.003">
    </testcase>
    <testcase classname="webex-core Credentials #getOrgId() should return the OrgId of a user-token-authenticated user" name="webex-core Credentials #getOrgId() should return the OrgId of a user-token-authenticated user" time="0.002">
    </testcase>
    <testcase classname="webex-core Credentials #getOrgId() should throw if the OrgId was not determined" name="webex-core Credentials #getOrgId() should throw if the OrgId was not determined" time="0.018">
    </testcase>
    <testcase classname="webex-core Credentials #extractOrgIdFromJWT() should return the OrgId of a provided JWT" name="webex-core Credentials #extractOrgIdFromJWT() should return the OrgId of a provided JWT" time="0.002">
    </testcase>
    <testcase classname="webex-core Credentials #extractOrgIdFromJWT() should throw if the provided JWT is not valid" name="webex-core Credentials #extractOrgIdFromJWT() should throw if the provided JWT is not valid" time="0.002">
    </testcase>
    <testcase classname="webex-core Credentials #extractOrgIdFromJWT() should throw if the provided JWT does not contain an OrgId" name="webex-core Credentials #extractOrgIdFromJWT() should throw if the provided JWT does not contain an OrgId" time="0.006">
    </testcase>
    <testcase classname="webex-core Credentials #extractOrgIdFromJWT() should throw if no JWT was provided" name="webex-core Credentials #extractOrgIdFromJWT() should throw if no JWT was provided" time="0.002">
    </testcase>
    <testcase classname="webex-core Credentials #extractOrgIdFromUserToken() should return the OrgId of the provided user token" name="webex-core Credentials #extractOrgIdFromUserToken() should return the OrgId of the provided user token" time="0.002">
    </testcase>
    <testcase classname="webex-core Credentials #extractOrgIdFromUserToken() should throw when provided an invalid token" name="webex-core Credentials #extractOrgIdFromUserToken() should throw when provided an invalid token" time="0.004">
    </testcase>
    <testcase classname="webex-core Credentials #extractOrgIdFromUserToken() should throw when no token is provided" name="webex-core Credentials #extractOrgIdFromUserToken() should throw when no token is provided" time="0.004">
    </testcase>
    <testcase classname="webex-core Credentials #initialize() turns a portal auth string into a configuration object" name="webex-core Credentials #initialize() turns a portal auth string into a configuration object" time="0.004">
    </testcase>
    <testcase classname="webex-core Credentials #initialize() accepts token string &quot;ST&quot; at path &quot;&quot;" name="webex-core Credentials #initialize() accepts token string &quot;ST&quot; at path &quot;&quot;" time="0.004">
    </testcase>
    <testcase classname="webex-core Credentials #initialize() accepts token string &quot;Bearer ST&quot; at path &quot;&quot;" name="webex-core Credentials #initialize() accepts token string &quot;Bearer ST&quot; at path &quot;&quot;" time="0.003">
    </testcase>
    <testcase classname="webex-core Credentials #initialize() accepts token string &quot;ST&quot; at path &quot;access_token&quot;" name="webex-core Credentials #initialize() accepts token string &quot;ST&quot; at path &quot;access_token&quot;" time="0.002">
    </testcase>
    <testcase classname="webex-core Credentials #initialize() accepts token string &quot;Bearer ST&quot; at path &quot;access_token&quot;" name="webex-core Credentials #initialize() accepts token string &quot;Bearer ST&quot; at path &quot;access_token&quot;" time="0.002">
    </testcase>
    <testcase classname="webex-core Credentials #initialize() accepts token string &quot;ST&quot; at path &quot;supertoken&quot;" name="webex-core Credentials #initialize() accepts token string &quot;ST&quot; at path &quot;supertoken&quot;" time="0.007">
    </testcase>
    <testcase classname="webex-core Credentials #initialize() accepts token string &quot;Bearer ST&quot; at path &quot;supertoken&quot;" name="webex-core Credentials #initialize() accepts token string &quot;Bearer ST&quot; at path &quot;supertoken&quot;" time="0.002">
    </testcase>
    <testcase classname="webex-core Credentials #initialize() accepts token string &quot;ST&quot; at path &quot;supertoken.access_token&quot;" name="webex-core Credentials #initialize() accepts token string &quot;ST&quot; at path &quot;supertoken.access_token&quot;" time="0.002">
    </testcase>
    <testcase classname="webex-core Credentials #initialize() accepts token string &quot;Bearer ST&quot; at path &quot;supertoken.access_token&quot;" name="webex-core Credentials #initialize() accepts token string &quot;Bearer ST&quot; at path &quot;supertoken.access_token&quot;" time="0.003">
    </testcase>
    <testcase classname="webex-core Credentials #initialize() accepts token string &quot;ST&quot; at path &quot;authorization&quot;" name="webex-core Credentials #initialize() accepts token string &quot;ST&quot; at path &quot;authorization&quot;" time="0.002">
    </testcase>
    <testcase classname="webex-core Credentials #initialize() accepts token string &quot;Bearer ST&quot; at path &quot;authorization&quot;" name="webex-core Credentials #initialize() accepts token string &quot;Bearer ST&quot; at path &quot;authorization&quot;" time="0.002">
    </testcase>
    <testcase classname="webex-core Credentials #initialize() accepts token string &quot;ST&quot; at path &quot;authorization.supertoken&quot;" name="webex-core Credentials #initialize() accepts token string &quot;ST&quot; at path &quot;authorization.supertoken&quot;" time="0.002">
    </testcase>
    <testcase classname="webex-core Credentials #initialize() accepts token string &quot;Bearer ST&quot; at path &quot;authorization.supertoken&quot;" name="webex-core Credentials #initialize() accepts token string &quot;Bearer ST&quot; at path &quot;authorization.supertoken&quot;" time="0.002">
    </testcase>
    <testcase classname="webex-core Credentials #initialize() accepts token string &quot;ST&quot; at path &quot;authorization.supertoken.access_token&quot;" name="webex-core Credentials #initialize() accepts token string &quot;ST&quot; at path &quot;authorization.supertoken.access_token&quot;" time="0.002">
    </testcase>
    <testcase classname="webex-core Credentials #initialize() accepts token string &quot;Bearer ST&quot; at path &quot;authorization.supertoken.access_token&quot;" name="webex-core Credentials #initialize() accepts token string &quot;Bearer ST&quot; at path &quot;authorization.supertoken.access_token&quot;" time="0.003">
    </testcase>
    <testcase classname="webex-core Credentials #initialize() schedules a refreshTimer" name="webex-core Credentials #initialize() schedules a refreshTimer" time="0.004">
    </testcase>
    <testcase classname="webex-core Credentials #initialize() does not schedule a refreshTimer" name="webex-core Credentials #initialize() does not schedule a refreshTimer" time="0">
      <skipped/>
    </testcase>
    <testcase classname="webex-core Credentials #getUserToken() resolves with the supertoken if the supertoken matches the requested scopes" name="webex-core Credentials #getUserToken() resolves with the supertoken if the supertoken matches the requested scopes" time="0.005">
    </testcase>
    <testcase classname="webex-core Credentials #getUserToken() resolves with the token identified by the specified scopes" name="webex-core Credentials #getUserToken() resolves with the token identified by the specified scopes" time="0.003">
    </testcase>
    <testcase classname="webex-core Credentials #getUserToken() uses the supertoken.scope instead of the config.scope for downscope" name="webex-core Credentials #getUserToken() uses the supertoken.scope instead of the config.scope for downscope" time="0.003">
    </testcase>
    <testcase classname="webex-core Credentials #getUserToken() when no matching token is found downscopes the supertoken" name="webex-core Credentials #getUserToken() when no matching token is found downscopes the supertoken" time="0.003">
    </testcase>
    <testcase classname="webex-core Credentials #getUserToken() when no scope is specified resolves with a token containing all but the kms scopes" name="webex-core Credentials #getUserToken() when no scope is specified resolves with a token containing all but the kms scopes" time="0.003">
    </testcase>
    <testcase classname="webex-core Credentials #getUserToken() when the kms downscope request fails falls back to the supertoken" name="webex-core Credentials #getUserToken() when the kms downscope request fails falls back to the supertoken" time="0.014">
    </testcase>
    <testcase classname="webex-core Credentials #getUserToken() is blocked while a token refresh is inflight" name="webex-core Credentials #getUserToken() is blocked while a token refresh is inflight" time="0.006">
    </testcase>
    <testcase classname="webex-core Credentials #invalidate() clears the refreshTimer" name="webex-core Credentials #invalidate() clears the refreshTimer" time="0.004">
    </testcase>
[...]
    </testcase>
    <testcase classname="webex-core EmbargoInterceptor #onResponseError() when the reason does have a &apos;451&apos; status code should present an appropriate logger message" name="webex-core EmbargoInterceptor #onResponseError() when the reason does have a &apos;451&apos; status code should present an appropriate logger message" time="0.001">
    </testcase>
    <testcase classname="webex-core EmbargoInterceptor #onResponseError() when the reason does have a &apos;451&apos; status code when the device plugin is mounted should clear the device" name="webex-core EmbargoInterceptor #onResponseError() when the reason does have a &apos;451&apos; status code when the device plugin is mounted should clear the device" time="0">
    </testcase>
    <testcase classname="webex-core EmbargoInterceptor #onResponseError() when the reason does not have a &apos;451&apos; status code should return a rejected promise with the reason" name="webex-core EmbargoInterceptor #onResponseError() when the reason does not have a &apos;451&apos; status code should return a rejected promise with the reason" time="0">
    </testcase>
    <testcase classname="webex-core EmbargoInterceptor #onResponseError() when the reason does not have a &apos;451&apos; status code should not clear credentials" name="webex-core EmbargoInterceptor #onResponseError() when the reason does not have a &apos;451&apos; status code should not clear credentials" time="0">
    </testcase>
    <testcase classname="webex-core EmbargoInterceptor #onResponseError() when the reason does not have a &apos;451&apos; status code should not present any logger message" name="webex-core EmbargoInterceptor #onResponseError() when the reason does not have a &apos;451&apos; status code should not present any logger message" time="0">
    </testcase>
    <testcase classname="webex-core EmbargoInterceptor #onResponseError() when the reason does not have a &apos;451&apos; status code when the device plugin is mounted should not clear the device" name="webex-core EmbargoInterceptor #onResponseError() when the reason does not have a &apos;451&apos; status code when the device plugin is mounted should not clear the device" time="0">
    </testcase>
  </testsuite>
  <testsuite name="Webex" errors="0" failures="0" skipped="0" timestamp="2024-04-16T15:14:46" time="0.325" tests="2">
    <testcase classname="Webex #internal grants plugins access to their namepace config" name="Webex #internal grants plugins access to their namepace config" time="0.015">
    </testcase>
    <testcase classname="Webex #internal controls ready status" name="Webex #internal controls ready status" time="0.008">
    </testcase>
  </testsuite>
  <testsuite name="_setup" errors="0" failures="0" skipped="0" timestamp="2024-04-16T15:14:46" time="0.259" tests="1">
    <testcase classname="_setup a sample test so that it does not throw an error" name="_setup a sample test so that it does not throw an error" time="0.001">
    </testcase>
  </testsuite>
  <testsuite name="webex-core" errors="0" failures="0" skipped="0" timestamp="2024-04-16T15:14:46" time="0.293" tests="7">
    <testcase classname="webex-core ServiceState #constructor() should create a collection of catalog states" name="webex-core ServiceState #constructor() should create a collection of catalog states" time="0.001">
    </testcase>
    <testcase classname="webex-core ServiceState #constructor() should initialize states with false collecting values" name="webex-core ServiceState #constructor() should initialize states with false collecting values" time="0">
    </testcase>
    <testcase classname="webex-core ServiceState #setCollecting() should set the collecting value of a catalog state to true" name="webex-core ServiceState #setCollecting() should set the collecting value of a catalog state to true" time="0">
    </testcase>
    <testcase classname="webex-core ServiceState #setCollecting() should set the collecting value of a catalog state to false" name="webex-core ServiceState #setCollecting() should set the collecting value of a catalog state to false" time="0">
    </testcase>
    <testcase classname="webex-core ServiceState #setReady() should set the collecting value of a catalog state to true" name="webex-core ServiceState #setReady() should set the collecting value of a catalog state to true" time="0">
    </testcase>
    <testcase classname="webex-core ServiceState #setReady() should set the collecting value of a catalog state to false" name="webex-core ServiceState #setReady() should set the collecting value of a catalog state to false" time="0">
    </testcase>
    <testcase classname="webex-core ServiceState static methods #generateCatalogState() returns an object with the correct keys" name="webex-core ServiceState static methods #generateCatalogState() returns an object with the correct keys" time="0.001">
    </testcase>
  </testsuite>
  <testsuite name="plugin-mercury" errors="0" failures="2" skipped="7" timestamp="2024-04-16T15:14:36" time="11.911" tests="39">
    <testcase classname="plugin-mercury Mercury #listen() proxies to #connect()" name="plugin-mercury Mercury #listen() proxies to #connect()" time="0.011">
    </testcase>
    <testcase classname="plugin-mercury Mercury #stopListening() proxies to #disconnect()" name="plugin-mercury Mercury #stopListening() proxies to #disconnect()" time="0.004">
    </testcase>
    <testcase classname="plugin-mercury Mercury #connect() lazily registers the device" name="plugin-mercury Mercury #connect() lazily registers the device" time="0.016">
    </testcase>
    <testcase classname="plugin-mercury Mercury #connect() connects to Mercury using default url" name="plugin-mercury Mercury #connect() connects to Mercury using default url" time="0.006">
    </testcase>
    <testcase classname="plugin-mercury Mercury #connect() when `maxRetries` is set fails after `maxRetries` attempts" name="plugin-mercury Mercury #connect() when `maxRetries` is set fails after `maxRetries` attempts" time="0.008">
    </testcase>
    <testcase classname="plugin-mercury Mercury #connect() when `maxRetries` is set fails after `initialConnectionMaxRetries` attempts" name="plugin-mercury Mercury #connect() when `maxRetries` is set fails after `initialConnectionMaxRetries` attempts" time="5.01">
      <failure>Error: thrown: &quot;Exceeded timeout of 5000 ms for a test.
Add a timeout value to this test to increase the timeout, if this is a long-running test. See https://jestjs.io/docs/api#testname-fn-timeout.&quot;
    at /Users/arungane/SDK v3/WebSDKv3/packages/@webex/internal-plugin-mercury/test/unit/spec/mercury.js:201:26
    at _dispatchDescribe (/Users/arungane/SDK v3/WebSDKv3/node_modules/jest-circus/build/index.js:91:26)
    at describe (/Users/arungane/SDK v3/WebSDKv3/node_modules/jest-circus/build/index.js:55:5)
    at describe (/Users/arungane/SDK v3/WebSDKv3/packages/@webex/internal-plugin-mercury/test/unit/spec/mercury.js:154:7)
    at _dispatchDescribe (/Users/arungane/SDK v3/WebSDKv3/node_modules/jest-circus/build/index.js:91:26)
    at describe (/Users/arungane/SDK v3/WebSDKv3/node_modules/jest-circus/build/index.js:55:5)
    at describe (/Users/arungane/SDK v3/WebSDKv3/packages/@webex/internal-plugin-mercury/test/unit/spec/mercury.js:127:5)
    at _dispatchDescribe (/Users/arungane/SDK v3/WebSDKv3/node_modules/jest-circus/build/index.js:91:26)
    at describe (/Users/arungane/SDK v3/WebSDKv3/node_modules/jest-circus/build/index.js:55:5)
    at describe (/Users/arungane/SDK v3/WebSDKv3/packages/@webex/internal-plugin-mercury/test/unit/spec/mercury.js:26:3)
    at _dispatchDescribe (/Users/arungane/SDK v3/WebSDKv3/node_modules/jest-circus/build/index.js:91:26)
    at describe (/Users/arungane/SDK v3/WebSDKv3/node_modules/jest-circus/build/index.js:55:5)
    at Object.describe (/Users/arungane/SDK v3/WebSDKv3/packages/@webex/internal-plugin-mercury/test/unit/spec/mercury.js:25:1)
    at Runtime._execModule (/Users/arungane/SDK v3/WebSDKv3/node_modules/jest-runner/node_modules/jest-runtime/build/index.js:1439:24)
    at Runtime._loadModule (/Users/arungane/SDK v3/WebSDKv3/node_modules/jest-runner/node_modules/jest-runtime/build/index.js:1022:12)
    at Runtime.requireModule (/Users/arungane/SDK v3/WebSDKv3/node_modules/jest-runner/node_modules/jest-runtime/build/index.js:882:12)
    at jestAdapter (/Users/arungane/SDK v3/WebSDKv3/node_modules/jest-circus/build/legacy-code-todo-rewrite/jestAdapter.js:77:13)
    at processTicksAndRejections (node:internal/process/task_queues:96:5)
    at runTestInternal (/Users/arungane/SDK v3/WebSDKv3/node_modules/jest-runner/build/runTest.js:367:16)
    at runTest (/Users/arungane/SDK v3/WebSDKv3/node_modules/jest-runner/build/runTest.js:444:34)
    at Object.worker (/Users/arungane/SDK v3/WebSDKv3/node_modules/jest-runner/build/testWorker.js:106:12)</failure>
    </testcase>
    <testcase classname="plugin-mercury Mercury #connect() when `maxRetries` is set fails after `initialConnectionMaxRetries` attempts" name="plugin-mercury Mercury #connect() when `maxRetries` is set fails after `initialConnectionMaxRetries` attempts" time="5.046">
      <failure>Error: thrown: &quot;Exceeded timeout of 5000 ms for a test.
Add a timeout value to this test to increase the timeout, if this is a long-running test. See https://jestjs.io/docs/api#testname-fn-timeout.&quot;
    at /Users/arungane/SDK v3/WebSDKv3/packages/@webex/internal-plugin-mercury/test/unit/spec/mercury.js:208:26
    at _dispatchDescribe (/Users/arungane/SDK v3/WebSDKv3/node_modules/jest-circus/build/index.js:91:26)
    at describe (/Users/arungane/SDK v3/WebSDKv3/node_modules/jest-circus/build/index.js:55:5)
    at describe (/Users/arungane/SDK v3/WebSDKv3/packages/@webex/internal-plugin-mercury/test/unit/spec/mercury.js:154:7)
    at _dispatchDescribe (/Users/arungane/SDK v3/WebSDKv3/node_modules/jest-circus/build/index.js:91:26)
    at describe (/Users/arungane/SDK v3/WebSDKv3/node_modules/jest-circus/build/index.js:55:5)
    at describe (/Users/arungane/SDK v3/WebSDKv3/packages/@webex/internal-plugin-mercury/test/unit/spec/mercury.js:127:5)
    at _dispatchDescribe (/Users/arungane/SDK v3/WebSDKv3/node_modules/jest-circus/build/index.js:91:26)
    at describe (/Users/arungane/SDK v3/WebSDKv3/node_modules/jest-circus/build/index.js:55:5)
    at describe (/Users/arungane/SDK v3/WebSDKv3/packages/@webex/internal-plugin-mercury/test/unit/spec/mercury.js:26:3)
    at _dispatchDescribe (/Users/arungane/SDK v3/WebSDKv3/node_modules/jest-circus/build/index.js:91:26)
    at describe (/Users/arungane/SDK v3/WebSDKv3/node_modules/jest-circus/build/index.js:55:5)
    at Object.describe (/Users/arungane/SDK v3/WebSDKv3/packages/@webex/internal-plugin-mercury/test/unit/spec/mercury.js:25:1)
    at Runtime._execModule (/Users/arungane/SDK v3/WebSDKv3/node_modules/jest-runner/node_modules/jest-runtime/build/index.js:1439:24)
    at Runtime._loadModule (/Users/arungane/SDK v3/WebSDKv3/node_modules/jest-runner/node_modules/jest-runtime/build/index.js:1022:12)
    at Runtime.requireModule (/Users/arungane/SDK v3/WebSDKv3/node_modules/jest-runner/node_modules/jest-runtime/build/index.js:882:12)
    at jestAdapter (/Users/arungane/SDK v3/WebSDKv3/node_modules/jest-circus/build/legacy-code-todo-rewrite/jestAdapter.js:77:13)
    at processTicksAndRejections (node:internal/process/task_queues:96:5)
    at runTestInternal (/Users/arungane/SDK v3/WebSDKv3/node_modules/jest-runner/build/runTest.js:367:16)
    at runTest (/Users/arungane/SDK v3/WebSDKv3/node_modules/jest-runner/build/runTest.js:444:34)
    at Object.worker (/Users/arungane/SDK v3/WebSDKv3/node_modules/jest-runner/build/testWorker.js:106:12)</failure>
    </testcase>
    <testcase classname="plugin-mercury Mercury #connect() when `maxRetries` is set fails after `initialConnectionMaxRetries` attempts" name="plugin-mercury Mercury #connect() when `maxRetries` is set fails after `initialConnectionMaxRetries` attempts" time="0.012">
    </testcase>
    <testcase classname="plugin-mercury Mercury #connect() can safely be called multiple times" name="plugin-mercury Mercury #connect() can safely be called multiple times" time="0.012">
    </testcase>
    <testcase classname="plugin-mercury Mercury #connect() when the connection fails backs off exponentially" name="plugin-mercury Mercury #connect() when the connection fails backs off exponentially" time="0.009">
    </testcase>
    <testcase classname="plugin-mercury Mercury #connect() when the connection fails with `BadRequest` fails permanently" name="plugin-mercury Mercury #connect() when the connection fails with `BadRequest` fails permanently" time="0.007">
    </testcase>
    <testcase classname="plugin-mercury Mercury #connect() when the connection fails with `UnknownResponse` triggers a device refresh" name="plugin-mercury Mercury #connect() when the connection fails with `UnknownResponse` triggers a device refresh" time="0.008">
    </testcase>
    <testcase classname="plugin-mercury Mercury #connect() when the connection fails with `NotAuthorized` triggers a token refresh" name="plugin-mercury Mercury #connect() when the connection fails with `NotAuthorized` triggers a token refresh" time="0.006">
    </testcase>
    <testcase classname="plugin-mercury Mercury #connect() when the connection fails with `Forbidden` fails permanently" name="plugin-mercury Mercury #connect() when the connection fails with `Forbidden` fails permanently" time="0.005">
    </testcase>
    <testcase classname="plugin-mercury Mercury #connect() when the connection fails when web-high-availability feature is enabled marks current socket url as failed and get new one on Connection Error" name="plugin-mercury Mercury #connect() when the connection fails when web-high-availability feature is enabled marks current socket url as failed and get new one on Connection Error" time="0.005">
    </testcase>
    <testcase classname="plugin-mercury Mercury #connect() when connected resolves immediately" name="plugin-mercury Mercury #connect() when connected resolves immediately" time="0.01">
    </testcase>
    <testcase classname="plugin-mercury Mercury #connect() when connected does not continue attempting to connect" name="plugin-mercury Mercury #connect() when connected does not continue attempting to connect" time="0.005">
    </testcase>
    <testcase classname="plugin-mercury Mercury #connect() when webSocketUrl is provided connects to Mercury with provided url" name="plugin-mercury Mercury #connect() when webSocketUrl is provided connects to Mercury with provided url" time="0">
      <skipped/>
    </testcase>
    <testcase classname="plugin-mercury Mercury Websocket proxy agent connects to Mercury using proxy agent" name="plugin-mercury Mercury Websocket proxy agent connects to Mercury using proxy agent" time="0">
      <skipped/>
    </testcase>
    <testcase classname="plugin-mercury Mercury Websocket proxy agent connects to Mercury without proxy agent" name="plugin-mercury Mercury Websocket proxy agent connects to Mercury without proxy agent" time="0">
      <skipped/>
    </testcase>
    <testcase classname="plugin-mercury Mercury #disconnect() disconnects the WebSocket" name="plugin-mercury Mercury #disconnect() disconnects the WebSocket" time="0">
      <skipped/>
    </testcase>
    <testcase classname="plugin-mercury Mercury #disconnect() stops emitting message events" name="plugin-mercury Mercury #disconnect() stops emitting message events" time="0">
      <skipped/>
    </testcase>
    <testcase classname="plugin-mercury Mercury #disconnect() when there is a connection attempt inflight stops the attempt when disconnect called" name="plugin-mercury Mercury #disconnect() when there is a connection attempt inflight stops the attempt when disconnect called" time="0">
      <skipped/>
    </testcase>
    <testcase classname="plugin-mercury Mercury #disconnect() when there is a connection attempt inflight stops the attempt when backoffCall is undefined" name="plugin-mercury Mercury #disconnect() when there is a connection attempt inflight stops the attempt when backoffCall is undefined" time="0">
      <skipped/>
    </testcase>
    <testcase classname="plugin-mercury Mercury #_emit() emits Error-safe events and log the error with the call parameters" name="plugin-mercury Mercury #_emit() emits Error-safe events and log the error with the call parameters" time="0.006">
    </testcase>
    <testcase classname="plugin-mercury Mercury #_applyOverrides() merges a single header field with data" name="plugin-mercury Mercury #_applyOverrides() merges a single header field with data" time="0.004">
    </testcase>
    <testcase classname="plugin-mercury Mercury #_applyOverrides() merges a multiple header fields with data" name="plugin-mercury Mercury #_applyOverrides() merges a multiple header fields with data" time="0.004">
    </testcase>
    <testcase classname="plugin-mercury Mercury #_applyOverrides() merges headers when Mercury messages arrive" name="plugin-mercury Mercury #_applyOverrides() merges headers when Mercury messages arrive" time="0.003">
    </testcase>
    <testcase classname="plugin-mercury Mercury #_prepareUrl() uses device default webSocketUrl" name="plugin-mercury Mercury #_prepareUrl() uses device default webSocketUrl" time="0.003">
    </testcase>
    <testcase classname="plugin-mercury Mercury #_prepareUrl() uses provided webSocketUrl" name="plugin-mercury Mercury #_prepareUrl() uses provided webSocketUrl" time="0.002">
    </testcase>
    <testcase classname="plugin-mercury Mercury #_prepareUrl() requests text-mode WebSockets" name="plugin-mercury Mercury #_prepareUrl() requests text-mode WebSockets" time="0.004">
    </testcase>
    <testcase classname="plugin-mercury Mercury #_prepareUrl() requests the buffer state message" name="plugin-mercury Mercury #_prepareUrl() requests the buffer state message" time="0.007">
    </testcase>
    <testcase classname="plugin-mercury Mercury #_prepareUrl() does not add conditional properties" name="plugin-mercury Mercury #_prepareUrl() does not add conditional properties" time="0.006">
    </testcase>
    <testcase classname="plugin-mercury Mercury #_prepareUrl() when web-high-availability is enabled uses webSocketUrl provided by device" name="plugin-mercury Mercury #_prepareUrl() when web-high-availability is enabled uses webSocketUrl provided by device" time="0.006">
    </testcase>
    <testcase classname="plugin-mercury Mercury #_prepareUrl() when &apos;web-shared-socket&apos; is enabled requests shared socket support" name="plugin-mercury Mercury #_prepareUrl() when &apos;web-shared-socket&apos; is enabled requests shared socket support" time="0.008">
    </testcase>
    <testcase classname="plugin-mercury Mercury #_prepareUrl() when &apos;web-shared-socket&apos; is enabled requests the registration banner" name="plugin-mercury Mercury #_prepareUrl() when &apos;web-shared-socket&apos; is enabled requests the registration banner" time="0.003">
    </testcase>
    <testcase classname="plugin-mercury Mercury #_prepareUrl() when &apos;web-shared-socket&apos; is enabled does not request the buffer state message" name="plugin-mercury Mercury #_prepareUrl() when &apos;web-shared-socket&apos; is enabled does not request the buffer state message" time="0.002">
    </testcase>
    <testcase classname="plugin-mercury Mercury #_prepareUrl() when using an ephemeral device indicates multiple connections may be coming from this user" name="plugin-mercury Mercury #_prepareUrl() when using an ephemeral device indicates multiple connections may be coming from this user" time="0.002">
    </testcase>
    <testcase classname="plugin-mercury ping pong latency event is forwarded should forward ping pong latency event" name="plugin-mercury ping pong latency event is forwarded should forward ping pong latency event" time="0.005">
    </testcase>
  </testsuite>
</testsuites>